[ 2013-04-22T22:11:28+08:00 ] ERR: (ThinkException) Unknown database 'examples'
[ 2013-04-22T22:24:24+08:00 ] 127.0.0.1 /GitHub/photo/index.php/Admin/Index/index
INFO: [ view_template ] --START--
INFO: Run LocationTemplate Behavior [ RunTime:0.003678s ]
INFO: [ view_template ] --END-- [ RunTime:0.004133s ]
INFO: [ view_parse ] --START--
INFO: Run ParseTemplate Behavior [ RunTime:0.028294s ]
INFO: [ view_parse ] --END-- [ RunTime:0.028759s ]
INFO: [ view_filter ] --START--
INFO: Run ContentReplace Behavior [ RunTime:0.002005s ]
INFO: Run TokenBuild Behavior [ RunTime:0.001789s ]
INFO: Run WriteHtmlCache Behavior [ RunTime:0.001406s ]
INFO: Run ShowRuntime Behavior [ RunTime:0.002034s ]
INFO: [ view_filter ] --END-- [ RunTime:0.008176s ]
INFO: [ view_end ] --START--
INFO: Run ShowPageTrace Behavior [ RunTime:0.002399s ]
INFO: [ view_end ] --END-- [ RunTime:0.002767s ]

[ 2013-04-22T22:24:25+08:00 ] 127.0.0.1 /GitHub/photo/index.php/Admin/Public/top
INFO: [ view_template ] --START--
INFO: Run LocationTemplate Behavior [ RunTime:0.010800s ]
INFO: [ view_template ] --END-- [ RunTime:0.011353s ]
INFO: [ view_parse ] --START--
INFO: Run ParseTemplate Behavior [ RunTime:0.041649s ]
INFO: [ view_parse ] --END-- [ RunTime:0.042067s ]
INFO: [ view_filter ] --START--
INFO: Run ContentReplace Behavior [ RunTime:0.002580s ]
INFO: Run TokenBuild Behavior [ RunTime:0.002023s ]
INFO: Run WriteHtmlCache Behavior [ RunTime:0.002031s ]
INFO: Run ShowRuntime Behavior [ RunTime:0.011017s ]
INFO: [ view_filter ] --END-- [ RunTime:0.018753s ]
INFO: [ view_end ] --START--
INFO: Run ShowPageTrace Behavior [ RunTime:0.004856s ]
INFO: [ view_end ] --END-- [ RunTime:0.005265s ]

[ 2013-04-22T22:24:25+08:00 ] 127.0.0.1 /GitHub/photo/index.php/Admin/Public/drag
INFO: [ view_template ] --START--
INFO: Run LocationTemplate Behavior [ RunTime:0.007417s ]
INFO: [ view_template ] --END-- [ RunTime:0.007901s ]
INFO: [ view_parse ] --START--
INFO: Run ParseTemplate Behavior [ RunTime:0.029903s ]
INFO: [ view_parse ] --END-- [ RunTime:0.030260s ]
INFO: [ view_filter ] --START--
INFO: Run ContentReplace Behavior [ RunTime:0.001598s ]
INFO: Run TokenBuild Behavior [ RunTime:0.001799s ]
INFO: Run WriteHtmlCache Behavior [ RunTime:0.001219s ]
INFO: Run ShowRuntime Behavior [ RunTime:0.001770s ]
INFO: [ view_filter ] --END-- [ RunTime:0.007250s ]
INFO: [ view_end ] --START--
INFO: Run ShowPageTrace Behavior [ RunTime:0.003186s ]
INFO: [ view_end ] --END-- [ RunTime:0.003527s ]

[ 2013-04-22T22:24:25+08:00 ] 127.0.0.1 /GitHub/photo/index.php/Admin/Public/menu
INFO: [ view_template ] --START--
INFO: Run LocationTemplate Behavior [ RunTime:0.005460s ]
INFO: [ view_template ] --END-- [ RunTime:0.006060s ]
INFO: [ view_parse ] --START--
INFO: Run ParseTemplate Behavior [ RunTime:0.035207s ]
INFO: [ view_parse ] --END-- [ RunTime:0.035889s ]
INFO: [ view_filter ] --START--
INFO: Run ContentReplace Behavior [ RunTime:0.002902s ]
INFO: Run TokenBuild Behavior [ RunTime:0.002212s ]
INFO: Run WriteHtmlCache Behavior [ RunTime:0.001675s ]
INFO: Run ShowRuntime Behavior [ RunTime:0.003720s ]
INFO: [ view_filter ] --END-- [ RunTime:0.011731s ]
INFO: [ view_end ] --START--
INFO: Run ShowPageTrace Behavior [ RunTime:0.003365s ]
INFO: [ view_end ] --END-- [ RunTime:0.003790s ]

[ 2013-04-22T22:24:25+08:00 ] 127.0.0.1 /GitHub/photo/index.php/Admin/Public/footer
INFO: [ view_template ] --START--
INFO: Run LocationTemplate Behavior [ RunTime:0.006953s ]
INFO: [ view_template ] --END-- [ RunTime:0.007346s ]
INFO: [ view_parse ] --START--
INFO: Run ParseTemplate Behavior [ RunTime:0.024157s ]
INFO: [ view_parse ] --END-- [ RunTime:0.024592s ]
INFO: [ view_filter ] --START--
INFO: Run ContentReplace Behavior [ RunTime:0.003185s ]
INFO: Run TokenBuild Behavior [ RunTime:0.003156s ]
INFO: Run WriteHtmlCache Behavior [ RunTime:0.002285s ]
INFO: Run ShowRuntime Behavior [ RunTime:0.001919s ]
INFO: [ view_filter ] --END-- [ RunTime:0.011715s ]
INFO: [ view_end ] --START--
INFO: Run ShowPageTrace Behavior [ RunTime:0.001828s ]
INFO: [ view_end ] --END-- [ RunTime:0.002141s ]

[ 2013-04-22T22:26:06+08:00 ] 127.0.0.1 /GitHub/photo/index.php/Admin/Index/index
INFO: [ view_template ] --START--
INFO: Run LocationTemplate Behavior [ RunTime:0.001527s ]
INFO: [ view_template ] --END-- [ RunTime:0.001870s ]
INFO: [ view_parse ] --START--
INFO: Run ParseTemplate Behavior [ RunTime:0.020478s ]
INFO: [ view_parse ] --END-- [ RunTime:0.020891s ]
INFO: [ view_filter ] --START--
INFO: Run ContentReplace Behavior [ RunTime:0.001691s ]
INFO: Run TokenBuild Behavior [ RunTime:0.001769s ]
INFO: Run WriteHtmlCache Behavior [ RunTime:0.001175s ]
INFO: Run ShowRuntime Behavior [ RunTime:0.001562s ]
INFO: [ view_filter ] --END-- [ RunTime:0.007253s ]
INFO: [ view_end ] --START--
INFO: Run ShowPageTrace Behavior [ RunTime:0.001587s ]
INFO: [ view_end ] --END-- [ RunTime:0.001899s ]

[ 2013-04-22T22:26:06+08:00 ] 127.0.0.1 /GitHub/photo/index.php/Admin/Public/menu
INFO: [ view_template ] --START--
INFO: Run LocationTemplate Behavior [ RunTime:0.005924s ]
INFO: [ view_template ] --END-- [ RunTime:0.006286s ]
INFO: [ view_parse ] --START--
INFO: Run ParseTemplate Behavior [ RunTime:0.021138s ]
INFO: [ view_parse ] --END-- [ RunTime:0.021493s ]
INFO: [ view_filter ] --START--
INFO: Run ContentReplace Behavior [ RunTime:0.001765s ]
INFO: Run TokenBuild Behavior [ RunTime:0.002218s ]
INFO: Run WriteHtmlCache Behavior [ RunTime:0.001837s ]
INFO: Run ShowRuntime Behavior [ RunTime:0.002444s ]
INFO: [ view_filter ] --END-- [ RunTime:0.009354s ]
INFO: [ view_end ] --START--
INFO: Run ShowPageTrace Behavior [ RunTime:0.002224s ]
INFO: [ view_end ] --END-- [ RunTime:0.002589s ]

[ 2013-04-22T22:26:06+08:00 ] 127.0.0.1 /GitHub/photo/index.php/Admin/Public/top
INFO: [ view_template ] --START--
INFO: Run LocationTemplate Behavior [ RunTime:0.003328s ]
INFO: [ view_template ] --END-- [ RunTime:0.003788s ]
INFO: [ view_parse ] --START--
INFO: Run ParseTemplate Behavior [ RunTime:0.029428s ]
INFO: [ view_parse ] --END-- [ RunTime:0.029907s ]
INFO: [ view_filter ] --START--
INFO: Run ContentReplace Behavior [ RunTime:0.001771s ]
INFO: Run TokenBuild Behavior [ RunTime:0.002740s ]
INFO: Run WriteHtmlCache Behavior [ RunTime:0.001575s ]
INFO: Run ShowRuntime Behavior [ RunTime:0.002332s ]
INFO: [ view_filter ] --END-- [ RunTime:0.009655s ]
INFO: [ view_end ] --START--
INFO: Run ShowPageTrace Behavior [ RunTime:0.002393s ]
INFO: [ view_end ] --END-- [ RunTime:0.002869s ]

[ 2013-04-22T22:26:06+08:00 ] 127.0.0.1 /GitHub/photo/index.php/Admin/Public/footer
INFO: [ view_template ] --START--
INFO: Run LocationTemplate Behavior [ RunTime:0.012773s ]
INFO: [ view_template ] --END-- [ RunTime:0.013164s ]
INFO: [ view_parse ] --START--
INFO: Run ParseTemplate Behavior [ RunTime:0.035048s ]
INFO: [ view_parse ] --END-- [ RunTime:0.035460s ]
INFO: [ view_filter ] --START--
INFO: Run ContentReplace Behavior [ RunTime:0.003078s ]
INFO: Run TokenBuild Behavior [ RunTime:0.017082s ]
INFO: Run WriteHtmlCache Behavior [ RunTime:0.002931s ]
INFO: Run ShowRuntime Behavior [ RunTime:0.004084s ]
INFO: [ view_filter ] --END-- [ RunTime:0.028754s ]
INFO: [ view_end ] --START--
INFO: Run ShowPageTrace Behavior [ RunTime:0.003831s ]
INFO: [ view_end ] --END-- [ RunTime:0.004368s ]

[ 2013-04-22T22:26:06+08:00 ] 127.0.0.1 /GitHub/photo/index.php/Admin/Public/drag
INFO: [ view_template ] --START--
INFO: Run LocationTemplate Behavior [ RunTime:0.004318s ]
INFO: [ view_template ] --END-- [ RunTime:0.004809s ]
INFO: [ view_parse ] --START--
INFO: Run ParseTemplate Behavior [ RunTime:0.031547s ]
INFO: [ view_parse ] --END-- [ RunTime:0.032027s ]
INFO: [ view_filter ] --START--
INFO: Run ContentReplace Behavior [ RunTime:0.002209s ]
INFO: Run TokenBuild Behavior [ RunTime:0.002982s ]
INFO: Run WriteHtmlCache Behavior [ RunTime:0.001766s ]
INFO: Run ShowRuntime Behavior [ RunTime:0.001717s ]
INFO: [ view_filter ] --END-- [ RunTime:0.009724s ]
INFO: [ view_end ] --START--
INFO: Run ShowPageTrace Behavior [ RunTime:0.001878s ]
INFO: [ view_end ] --END-- [ RunTime:0.002191s ]

[ 2013-04-22T22:27:51+08:00 ] 127.0.0.1 /GitHub/photo/index.php/Admin/Index/index
INFO: [ view_template ] --START--
INFO: Run LocationTemplate Behavior [ RunTime:0.002094s ]
INFO: [ view_template ] --END-- [ RunTime:0.002450s ]
INFO: [ view_parse ] --START--
INFO: Run ParseTemplate Behavior [ RunTime:0.023418s ]
INFO: [ view_parse ] --END-- [ RunTime:0.023849s ]
INFO: [ view_filter ] --START--
INFO: Run ContentReplace Behavior [ RunTime:0.001524s ]
INFO: Run TokenBuild Behavior [ RunTime:0.001919s ]
INFO: Run WriteHtmlCache Behavior [ RunTime:0.001282s ]
INFO: Run ShowRuntime Behavior [ RunTime:0.001737s ]
INFO: [ view_filter ] --END-- [ RunTime:0.007337s ]
INFO: [ view_end ] --START--
INFO: Run ShowPageTrace Behavior [ RunTime:0.001870s ]
INFO: [ view_end ] --END-- [ RunTime:0.002181s ]

[ 2013-04-22T22:27:52+08:00 ] 127.0.0.1 /GitHub/photo/index.php/Admin/Public/top
INFO: [ view_template ] --START--
INFO: Run LocationTemplate Behavior [ RunTime:0.005122s ]
INFO: [ view_template ] --END-- [ RunTime:0.005557s ]
INFO: [ view_parse ] --START--
INFO: Run ParseTemplate Behavior [ RunTime:0.023535s ]
INFO: [ view_parse ] --END-- [ RunTime:0.024004s ]
INFO: [ view_filter ] --START--
INFO: Run ContentReplace Behavior [ RunTime:0.001550s ]
INFO: Run TokenBuild Behavior [ RunTime:0.001726s ]
INFO: Run WriteHtmlCache Behavior [ RunTime:0.001455s ]
INFO: Run ShowRuntime Behavior [ RunTime:0.001702s ]
INFO: [ view_filter ] --END-- [ RunTime:0.007653s ]
INFO: [ view_end ] --START--
INFO: Run ShowPageTrace Behavior [ RunTime:0.001848s ]
INFO: [ view_end ] --END-- [ RunTime:0.002160s ]

[ 2013-04-22T22:27:52+08:00 ] 127.0.0.1 /GitHub/photo/index.php/Admin/Public/menu
INFO: [ view_template ] --START--
INFO: Run LocationTemplate Behavior [ RunTime:0.008826s ]
INFO: [ view_template ] --END-- [ RunTime:0.009370s ]
INFO: [ view_parse ] --START--
INFO: Run ParseTemplate Behavior [ RunTime:0.055421s ]
INFO: [ view_parse ] --END-- [ RunTime:0.055894s ]
INFO: [ view_filter ] --START--
INFO: Run ContentReplace Behavior [ RunTime:0.002170s ]
INFO: Run TokenBuild Behavior [ RunTime:0.002476s ]
INFO: Run WriteHtmlCache Behavior [ RunTime:0.001901s ]
INFO: Run ShowRuntime Behavior [ RunTime:0.002479s ]
INFO: [ view_filter ] --END-- [ RunTime:0.010182s ]
INFO: [ view_end ] --START--
INFO: Run ShowPageTrace Behavior [ RunTime:0.006971s ]
INFO: [ view_end ] --END-- [ RunTime:0.007344s ]

[ 2013-04-22T22:27:52+08:00 ] 127.0.0.1 /GitHub/photo/index.php/Admin/Public/footer
INFO: [ view_template ] --START--
INFO: Run LocationTemplate Behavior [ RunTime:0.002818s ]
INFO: [ view_template ] --END-- [ RunTime:0.003215s ]
INFO: [ view_parse ] --START--
INFO: Run ParseTemplate Behavior [ RunTime:0.024048s ]
INFO: [ view_parse ] --END-- [ RunTime:0.024415s ]
INFO: [ view_filter ] --START--
INFO: Run ContentReplace Behavior [ RunTime:0.001913s ]
INFO: Run TokenBuild Behavior [ RunTime:0.001919s ]
INFO: Run WriteHtmlCache Behavior [ RunTime:0.001394s ]
INFO: Run ShowRuntime Behavior [ RunTime:0.001787s ]
INFO: [ view_filter ] --END-- [ RunTime:0.007953s ]
INFO: [ view_end ] --START--
INFO: Run ShowPageTrace Behavior [ RunTime:0.001810s ]
INFO: [ view_end ] --END-- [ RunTime:0.002124s ]

[ 2013-04-22T22:27:52+08:00 ] 127.0.0.1 /GitHub/photo/index.php/Admin/Public/drag
INFO: [ view_template ] --START--
INFO: Run LocationTemplate Behavior [ RunTime:0.004597s ]
INFO: [ view_template ] --END-- [ RunTime:0.005429s ]
INFO: [ view_parse ] --START--
INFO: Run ParseTemplate Behavior [ RunTime:0.024907s ]
INFO: [ view_parse ] --END-- [ RunTime:0.025329s ]
INFO: [ view_filter ] --START--
INFO: Run ContentReplace Behavior [ RunTime:0.001660s ]
INFO: Run TokenBuild Behavior [ RunTime:0.001682s ]
INFO: Run WriteHtmlCache Behavior [ RunTime:0.001323s ]
INFO: Run ShowRuntime Behavior [ RunTime:0.002275s ]
INFO: [ view_filter ] --END-- [ RunTime:0.007852s ]
INFO: [ view_end ] --START--
INFO: Run ShowPageTrace Behavior [ RunTime:0.002897s ]
INFO: [ view_end ] --END-- [ RunTime:0.003274s ]

[ 2013-04-22T22:27:53+08:00 ] 127.0.0.1 /GitHub/photo/index.php/Admin/Index/index
INFO: [ view_template ] --START--
INFO: Run LocationTemplate Behavior [ RunTime:0.001315s ]
INFO: [ view_template ] --END-- [ RunTime:0.001663s ]
INFO: [ view_parse ] --START--
INFO: Run ParseTemplate Behavior [ RunTime:0.018417s ]
INFO: [ view_parse ] --END-- [ RunTime:0.018816s ]
INFO: [ view_filter ] --START--
INFO: Run ContentReplace Behavior [ RunTime:0.001871s ]
INFO: Run TokenBuild Behavior [ RunTime:0.001601s ]
INFO: Run WriteHtmlCache Behavior [ RunTime:0.001294s ]
INFO: Run ShowRuntime Behavior [ RunTime:0.002079s ]
INFO: [ view_filter ] --END-- [ RunTime:0.007940s ]
INFO: [ view_end ] --START--
INFO: Run ShowPageTrace Behavior [ RunTime:0.002050s ]
INFO: [ view_end ] --END-- [ RunTime:0.002431s ]

[ 2013-04-22T22:27:53+08:00 ] 127.0.0.1 /GitHub/photo/index.php/Admin/Public/top
INFO: [ view_template ] --START--
INFO: Run LocationTemplate Behavior [ RunTime:0.005573s ]
INFO: [ view_template ] --END-- [ RunTime:0.006002s ]
INFO: [ view_parse ] --START--
INFO: Run ParseTemplate Behavior [ RunTime:0.020767s ]
INFO: [ view_parse ] --END-- [ RunTime:0.021213s ]
INFO: [ view_filter ] --START--
INFO: Run ContentReplace Behavior [ RunTime:0.001155s ]
INFO: Run TokenBuild Behavior [ RunTime:0.001195s ]
INFO: Run WriteHtmlCache Behavior [ RunTime:0.000834s ]
INFO: Run ShowRuntime Behavior [ RunTime:0.001676s ]
INFO: [ view_filter ] --END-- [ RunTime:0.005697s ]
INFO: [ view_end ] --START--
INFO: Run ShowPageTrace Behavior [ RunTime:0.001720s ]
INFO: [ view_end ] --END-- [ RunTime:0.002030s ]

[ 2013-04-22T22:27:53+08:00 ] 127.0.0.1 /GitHub/photo/index.php/Admin/Public/drag
INFO: [ view_template ] --START--
INFO: Run LocationTemplate Behavior [ RunTime:0.003442s ]
INFO: [ view_template ] --END-- [ RunTime:0.003842s ]
INFO: [ view_parse ] --START--
INFO: Run ParseTemplate Behavior [ RunTime:0.031469s ]
INFO: [ view_parse ] --END-- [ RunTime:0.031827s ]
INFO: [ view_filter ] --START--
INFO: Run ContentReplace Behavior [ RunTime:0.001479s ]
INFO: Run TokenBuild Behavior [ RunTime:0.001518s ]
INFO: Run WriteHtmlCache Behavior [ RunTime:0.001154s ]
INFO: Run ShowRuntime Behavior [ RunTime:0.003046s ]
INFO: [ view_filter ] --END-- [ RunTime:0.008155s ]
INFO: [ view_end ] --START--
INFO: Run ShowPageTrace Behavior [ RunTime:0.003258s ]
INFO: [ view_end ] --END-- [ RunTime:0.003719s ]

[ 2013-04-22T22:27:54+08:00 ] 127.0.0.1 /GitHub/photo/index.php/Admin/Public/menu
INFO: [ view_template ] --START--
INFO: Run LocationTemplate Behavior [ RunTime:0.010973s ]
INFO: [ view_template ] --END-- [ RunTime:0.011366s ]
INFO: [ view_parse ] --START--
INFO: Run ParseTemplate Behavior [ RunTime:0.041587s ]
INFO: [ view_parse ] --END-- [ RunTime:0.042023s ]
INFO: [ view_filter ] --START--
INFO: Run ContentReplace Behavior [ RunTime:0.004229s ]
INFO: Run TokenBuild Behavior [ RunTime:0.004090s ]
INFO: Run WriteHtmlCache Behavior [ RunTime:0.002641s ]
INFO: Run ShowRuntime Behavior [ RunTime:0.002684s ]
INFO: [ view_filter ] --END-- [ RunTime:0.014787s ]
INFO: [ view_end ] --START--
INFO: Run ShowPageTrace Behavior [ RunTime:0.004022s ]
INFO: [ view_end ] --END-- [ RunTime:0.004546s ]

[ 2013-04-22T22:27:54+08:00 ] 127.0.0.1 /GitHub/photo/index.php/Admin/Public/footer
INFO: [ view_template ] --START--
INFO: Run LocationTemplate Behavior [ RunTime:0.004450s ]
INFO: [ view_template ] --END-- [ RunTime:0.005013s ]
INFO: [ view_parse ] --START--
INFO: Run ParseTemplate Behavior [ RunTime:0.026063s ]
INFO: [ view_parse ] --END-- [ RunTime:0.026536s ]
INFO: [ view_filter ] --START--
INFO: Run ContentReplace Behavior [ RunTime:0.002813s ]
INFO: Run TokenBuild Behavior [ RunTime:0.003191s ]
INFO: Run WriteHtmlCache Behavior [ RunTime:0.002723s ]
INFO: Run ShowRuntime Behavior [ RunTime:0.003862s ]
INFO: [ view_filter ] --END-- [ RunTime:0.014319s ]
INFO: [ view_end ] --START--
INFO: Run ShowPageTrace Behavior [ RunTime:0.002732s ]
INFO: [ view_end ] --END-- [ RunTime:0.003149s ]

[ 2013-04-22T22:27:54+08:00 ] 127.0.0.1 /GitHub/photo/index.php/Admin/Index/index
INFO: [ view_template ] --START--
INFO: Run LocationTemplate Behavior [ RunTime:0.001905s ]
INFO: [ view_template ] --END-- [ RunTime:0.002254s ]
INFO: [ view_parse ] --START--
INFO: Run ParseTemplate Behavior [ RunTime:0.019692s ]
INFO: [ view_parse ] --END-- [ RunTime:0.020043s ]
INFO: [ view_filter ] --START--
INFO: Run ContentReplace Behavior [ RunTime:0.001482s ]
INFO: Run TokenBuild Behavior [ RunTime:0.001566s ]
INFO: Run WriteHtmlCache Behavior [ RunTime:0.001214s ]
INFO: Run ShowRuntime Behavior [ RunTime:0.002310s ]
INFO: [ view_filter ] --END-- [ RunTime:0.007507s ]
INFO: [ view_end ] --START--
INFO: Run ShowPageTrace Behavior [ RunTime:0.002630s ]
INFO: [ view_end ] --END-- [ RunTime:0.003042s ]

[ 2013-04-22T22:27:54+08:00 ] 127.0.0.1 /GitHub/photo/index.php/Admin/Public/footer
INFO: [ view_template ] --START--
INFO: Run LocationTemplate Behavior [ RunTime:0.004968s ]
INFO: [ view_template ] --END-- [ RunTime:0.005338s ]
INFO: [ view_parse ] --START--
INFO: Run ParseTemplate Behavior [ RunTime:0.020069s ]
INFO: [ view_parse ] --END-- [ RunTime:0.020416s ]
INFO: [ view_filter ] --START--
INFO: Run ContentReplace Behavior [ RunTime:0.001466s ]
INFO: Run TokenBuild Behavior [ RunTime:0.001517s ]
INFO: Run WriteHtmlCache Behavior [ RunTime:0.001450s ]
INFO: Run ShowRuntime Behavior [ RunTime:0.001755s ]
INFO: [ view_filter ] --END-- [ RunTime:0.007092s ]
INFO: [ view_end ] --START--
INFO: Run ShowPageTrace Behavior [ RunTime:0.001807s ]
INFO: [ view_end ] --END-- [ RunTime:0.002115s ]

[ 2013-04-22T22:27:54+08:00 ] 127.0.0.1 /GitHub/photo/index.php/Admin/Public/menu
INFO: [ view_template ] --START--
INFO: Run LocationTemplate Behavior [ RunTime:0.003290s ]
INFO: [ view_template ] --END-- [ RunTime:0.003755s ]
INFO: [ view_parse ] --START--
INFO: Run ParseTemplate Behavior [ RunTime:0.030143s ]
INFO: [ view_parse ] --END-- [ RunTime:0.030582s ]
INFO: [ view_filter ] --START--
INFO: Run ContentReplace Behavior [ RunTime:0.002365s ]
INFO: Run TokenBuild Behavior [ RunTime:0.002724s ]
INFO: Run WriteHtmlCache Behavior [ RunTime:0.001695s ]
INFO: Run ShowRuntime Behavior [ RunTime:0.002581s ]
INFO: [ view_filter ] --END-- [ RunTime:0.010752s ]
INFO: [ view_end ] --START--
INFO: Run ShowPageTrace Behavior [ RunTime:0.002511s ]
INFO: [ view_end ] --END-- [ RunTime:0.002989s ]

[ 2013-04-22T22:27:54+08:00 ] 127.0.0.1 /GitHub/photo/index.php/Admin/Public/drag
INFO: [ view_template ] --START--
INFO: Run LocationTemplate Behavior [ RunTime:0.004047s ]
INFO: [ view_template ] --END-- [ RunTime:0.004511s ]
INFO: [ view_parse ] --START--
INFO: Run ParseTemplate Behavior [ RunTime:0.038306s ]
INFO: [ view_parse ] --END-- [ RunTime:0.038802s ]
INFO: [ view_filter ] --START--
INFO: Run ContentReplace Behavior [ RunTime:0.002187s ]
INFO: Run TokenBuild Behavior [ RunTime:0.002871s ]
INFO: Run WriteHtmlCache Behavior [ RunTime:0.002754s ]
INFO: Run ShowRuntime Behavior [ RunTime:0.003070s ]
INFO: [ view_filter ] --END-- [ RunTime:0.012220s ]
INFO: [ view_end ] --START--
INFO: Run ShowPageTrace Behavior [ RunTime:0.003733s ]
INFO: [ view_end ] --END-- [ RunTime:0.004315s ]

[ 2013-04-22T22:27:54+08:00 ] 127.0.0.1 /GitHub/photo/index.php/Admin/Public/top
INFO: [ view_template ] --START--
INFO: Run LocationTemplate Behavior [ RunTime:0.012788s ]
INFO: [ view_template ] --END-- [ RunTime:0.013366s ]
INFO: [ view_parse ] --START--
INFO: Run ParseTemplate Behavior [ RunTime:0.050224s ]
INFO: [ view_parse ] --END-- [ RunTime:0.050704s ]
INFO: [ view_filter ] --START--
INFO: Run ContentReplace Behavior [ RunTime:0.010472s ]
INFO: Run TokenBuild Behavior [ RunTime:0.006220s ]
INFO: Run WriteHtmlCache Behavior [ RunTime:0.006420s ]
INFO: Run ShowRuntime Behavior [ RunTime:0.009618s ]
INFO: [ view_filter ] --END-- [ RunTime:0.037557s ]
INFO: [ view_end ] --START--
INFO: Run ShowPageTrace Behavior [ RunTime:0.017355s ]
INFO: [ view_end ] --END-- [ RunTime:0.017704s ]

[ 2013-04-22T22:27:55+08:00 ] 127.0.0.1 /GitHub/photo/index.php/Admin/Index/index
INFO: [ view_template ] --START--
INFO: Run LocationTemplate Behavior [ RunTime:0.003256s ]
INFO: [ view_template ] --END-- [ RunTime:0.003683s ]
INFO: [ view_parse ] --START--
INFO: Run ParseTemplate Behavior [ RunTime:0.019887s ]
INFO: [ view_parse ] --END-- [ RunTime:0.020234s ]
INFO: [ view_filter ] --START--
INFO: Run ContentReplace Behavior [ RunTime:0.001454s ]
INFO: Run TokenBuild Behavior [ RunTime:0.001536s ]
INFO: Run WriteHtmlCache Behavior [ RunTime:0.001197s ]
INFO: Run ShowRuntime Behavior [ RunTime:0.001685s ]
INFO: [ view_filter ] --END-- [ RunTime:0.006733s ]
INFO: [ view_end ] --START--
INFO: Run ShowPageTrace Behavior [ RunTime:0.001846s ]
INFO: [ view_end ] --END-- [ RunTime:0.002153s ]

[ 2013-04-22T22:27:55+08:00 ] 127.0.0.1 /GitHub/photo/index.php/Admin/Index/index
INFO: [ view_template ] --START--
INFO: Run LocationTemplate Behavior [ RunTime:0.001933s ]
INFO: [ view_template ] --END-- [ RunTime:0.002279s ]
INFO: [ view_parse ] --START--
INFO: Run ParseTemplate Behavior [ RunTime:0.022502s ]
INFO: [ view_parse ] --END-- [ RunTime:0.022924s ]
INFO: [ view_filter ] --START--
INFO: Run ContentReplace Behavior [ RunTime:0.001465s ]
INFO: Run TokenBuild Behavior [ RunTime:0.001510s ]
INFO: Run WriteHtmlCache Behavior [ RunTime:0.001154s ]
INFO: Run ShowRuntime Behavior [ RunTime:0.001705s ]
INFO: [ view_filter ] --END-- [ RunTime:0.006700s ]
INFO: [ view_end ] --START--
INFO: Run ShowPageTrace Behavior [ RunTime:0.001859s ]
INFO: [ view_end ] --END-- [ RunTime:0.002173s ]

[ 2013-04-22T22:27:55+08:00 ] 127.0.0.1 /GitHub/photo/index.php/Admin/Index/index
INFO: [ view_template ] --START--
INFO: Run LocationTemplate Behavior [ RunTime:0.001299s ]
INFO: [ view_template ] --END-- [ RunTime:0.001648s ]
INFO: [ view_parse ] --START--
INFO: Run ParseTemplate Behavior [ RunTime:0.018669s ]
INFO: [ view_parse ] --END-- [ RunTime:0.019011s ]
INFO: [ view_filter ] --START--
INFO: Run ContentReplace Behavior [ RunTime:0.001153s ]
INFO: Run TokenBuild Behavior [ RunTime:0.001210s ]
INFO: Run WriteHtmlCache Behavior [ RunTime:0.000829s ]
INFO: Run ShowRuntime Behavior [ RunTime:0.001444s ]
INFO: [ view_filter ] --END-- [ RunTime:0.005478s ]
INFO: [ view_end ] --START--
INFO: Run ShowPageTrace Behavior [ RunTime:0.001530s ]
INFO: [ view_end ] --END-- [ RunTime:0.001840s ]

[ 2013-04-22T22:27:55+08:00 ] 127.0.0.1 /GitHub/photo/index.php/Admin/Index/index
INFO: [ view_template ] --START--
INFO: Run LocationTemplate Behavior [ RunTime:0.003583s ]
INFO: [ view_template ] --END-- [ RunTime:0.004013s ]
INFO: [ view_parse ] --START--
INFO: Run ParseTemplate Behavior [ RunTime:0.018895s ]
INFO: [ view_parse ] --END-- [ RunTime:0.019240s ]
INFO: [ view_filter ] --START--
INFO: Run ContentReplace Behavior [ RunTime:0.002038s ]
INFO: Run TokenBuild Behavior [ RunTime:0.002628s ]
INFO: Run WriteHtmlCache Behavior [ RunTime:0.002123s ]
INFO: Run ShowRuntime Behavior [ RunTime:0.003332s ]
INFO: [ view_filter ] --END-- [ RunTime:0.011182s ]
INFO: [ view_end ] --START--
INFO: Run ShowPageTrace Behavior [ RunTime:0.002533s ]
INFO: [ view_end ] --END-- [ RunTime:0.002911s ]

[ 2013-04-22T22:27:55+08:00 ] 127.0.0.1 /GitHub/photo/index.php/Admin/Index/index
INFO: [ view_template ] --START--
INFO: Run LocationTemplate Behavior [ RunTime:0.003042s ]
INFO: [ view_template ] --END-- [ RunTime:0.003466s ]
INFO: [ view_parse ] --START--
INFO: Run ParseTemplate Behavior [ RunTime:0.018798s ]
INFO: [ view_parse ] --END-- [ RunTime:0.019215s ]
INFO: [ view_filter ] --START--
INFO: Run ContentReplace Behavior [ RunTime:0.001996s ]
INFO: Run TokenBuild Behavior [ RunTime:0.002274s ]
INFO: Run WriteHtmlCache Behavior [ RunTime:0.001757s ]
INFO: Run ShowRuntime Behavior [ RunTime:0.002040s ]
INFO: [ view_filter ] --END-- [ RunTime:0.009189s ]
INFO: [ view_end ] --START--
INFO: Run ShowPageTrace Behavior [ RunTime:0.002196s ]
INFO: [ view_end ] --END-- [ RunTime:0.002577s ]

[ 2013-04-22T22:27:55+08:00 ] 127.0.0.1 /GitHub/photo/index.php/Admin/Public/top
INFO: [ view_template ] --START--
INFO: Run LocationTemplate Behavior [ RunTime:0.007266s ]
INFO: [ view_template ] --END-- [ RunTime:0.007703s ]
INFO: [ view_parse ] --START--
INFO: Run ParseTemplate Behavior [ RunTime:0.025259s ]
INFO: [ view_parse ] --END-- [ RunTime:0.025615s ]
INFO: [ view_filter ] --START--
INFO: Run ContentReplace Behavior [ RunTime:0.001391s ]
INFO: Run TokenBuild Behavior [ RunTime:0.001449s ]
INFO: Run WriteHtmlCache Behavior [ RunTime:0.001127s ]
INFO: Run ShowRuntime Behavior [ RunTime:0.002115s ]
INFO: [ view_filter ] --END-- [ RunTime:0.007000s ]
INFO: [ view_end ] --START--
INFO: Run ShowPageTrace Behavior [ RunTime:0.002451s ]
INFO: [ view_end ] --END-- [ RunTime:0.002840s ]

[ 2013-04-22T22:27:55+08:00 ] 127.0.0.1 /GitHub/photo/index.php/Admin/Public/drag
INFO: [ view_template ] --START--
INFO: Run LocationTemplate Behavior [ RunTime:0.002867s ]
INFO: [ view_template ] --END-- [ RunTime:0.003343s ]
INFO: [ view_parse ] --START--
INFO: Run ParseTemplate Behavior [ RunTime:0.039460s ]
INFO: [ view_parse ] --END-- [ RunTime:0.039985s ]
INFO: [ view_filter ] --START--
INFO: Run ContentReplace Behavior [ RunTime:0.002001s ]
INFO: Run TokenBuild Behavior [ RunTime:0.002101s ]
INFO: Run WriteHtmlCache Behavior [ RunTime:0.001290s ]
INFO: Run ShowRuntime Behavior [ RunTime:0.001990s ]
INFO: [ view_filter ] --END-- [ RunTime:0.008600s ]
INFO: [ view_end ] --START--
INFO: Run ShowPageTrace Behavior [ RunTime:0.001534s ]
INFO: [ view_end ] --END-- [ RunTime:0.001843s ]

[ 2013-04-22T22:27:55+08:00 ] 127.0.0.1 /GitHub/photo/index.php/Admin/Public/footer
INFO: [ view_template ] --START--
INFO: Run LocationTemplate Behavior [ RunTime:0.004278s ]
INFO: [ view_template ] --END-- [ RunTime:0.004764s ]
INFO: [ view_parse ] --START--
INFO: Run ParseTemplate Behavior [ RunTime:0.041276s ]
INFO: [ view_parse ] --END-- [ RunTime:0.042712s ]
INFO: [ view_filter ] --START--
INFO: Run ContentReplace Behavior [ RunTime:0.002081s ]
INFO: Run TokenBuild Behavior [ RunTime:0.003471s ]
INFO: Run WriteHtmlCache Behavior [ RunTime:0.002250s ]
INFO: Run ShowRuntime Behavior [ RunTime:0.002235s ]
INFO: [ view_filter ] --END-- [ RunTime:0.011297s ]
INFO: [ view_end ] --START--
INFO: Run ShowPageTrace Behavior [ RunTime:0.002692s ]
INFO: [ view_end ] --END-- [ RunTime:0.003132s ]

[ 2013-04-22T22:27:55+08:00 ] 127.0.0.1 /GitHub/photo/index.php/Admin/Public/menu
INFO: [ view_template ] --START--
INFO: Run LocationTemplate Behavior [ RunTime:0.005867s ]
INFO: [ view_template ] --END-- [ RunTime:0.006319s ]
INFO: [ view_parse ] --START--
INFO: Run ParseTemplate Behavior [ RunTime:0.029329s ]
INFO: [ view_parse ] --END-- [ RunTime:0.029749s ]
INFO: [ view_filter ] --START--
INFO: Run ContentReplace Behavior [ RunTime:0.001668s ]
INFO: Run TokenBuild Behavior [ RunTime:0.001679s ]
INFO: Run WriteHtmlCache Behavior [ RunTime:0.001324s ]
INFO: Run ShowRuntime Behavior [ RunTime:0.003344s ]
INFO: [ view_filter ] --END-- [ RunTime:0.008960s ]
INFO: [ view_end ] --START--
INFO: Run ShowPageTrace Behavior [ RunTime:0.002150s ]
INFO: [ view_end ] --END-- [ RunTime:0.002469s ]

[ 2013-04-22T22:29:26+08:00 ] 127.0.0.1 /GitHub/photo/index.php/Admin/Index/index
INFO: [ view_template ] --START--
INFO: Run LocationTemplate Behavior [ RunTime:0.002611s ]
INFO: [ view_template ] --END-- [ RunTime:0.003046s ]
INFO: [ view_parse ] --START--
INFO: Run ParseTemplate Behavior [ RunTime:0.017521s ]
INFO: [ view_parse ] --END-- [ RunTime:0.017874s ]
INFO: [ view_filter ] --START--
INFO: Run ContentReplace Behavior [ RunTime:0.001352s ]
INFO: Run TokenBuild Behavior [ RunTime:0.001587s ]
INFO: Run WriteHtmlCache Behavior [ RunTime:0.001325s ]
INFO: Run ShowRuntime Behavior [ RunTime:0.001790s ]
INFO: [ view_filter ] --END-- [ RunTime:0.007073s ]
INFO: [ view_end ] --START--
INFO: Run ShowPageTrace Behavior [ RunTime:0.002059s ]
INFO: [ view_end ] --END-- [ RunTime:0.002446s ]

[ 2013-04-22T22:29:26+08:00 ] 127.0.0.1 /GitHub/photo/index.php/Admin/Public/top
INFO: [ view_template ] --START--
INFO: Run LocationTemplate Behavior [ RunTime:0.003271s ]
INFO: [ view_template ] --END-- [ RunTime:0.003633s ]
INFO: [ view_parse ] --START--
INFO: Run ParseTemplate Behavior [ RunTime:0.023588s ]
INFO: [ view_parse ] --END-- [ RunTime:0.023988s ]
INFO: [ view_filter ] --START--
INFO: Run ContentReplace Behavior [ RunTime:0.001948s ]
INFO: Run TokenBuild Behavior [ RunTime:0.001730s ]
INFO: Run WriteHtmlCache Behavior [ RunTime:0.001228s ]
INFO: Run ShowRuntime Behavior [ RunTime:0.002015s ]
INFO: [ view_filter ] --END-- [ RunTime:0.008080s ]
INFO: [ view_end ] --START--
INFO: Run ShowPageTrace Behavior [ RunTime:0.002697s ]
INFO: [ view_end ] --END-- [ RunTime:0.004317s ]

[ 2013-04-22T22:29:26+08:00 ] 127.0.0.1 /GitHub/photo/index.php/Admin/Public/menu
INFO: [ view_template ] --START--
INFO: Run LocationTemplate Behavior [ RunTime:0.004013s ]
INFO: [ view_template ] --END-- [ RunTime:0.004480s ]
INFO: [ view_parse ] --START--
INFO: Run ParseTemplate Behavior [ RunTime:0.029476s ]
INFO: [ view_parse ] --END-- [ RunTime:0.029991s ]
INFO: [ view_filter ] --START--
INFO: Run ContentReplace Behavior [ RunTime:0.002805s ]
INFO: Run TokenBuild Behavior [ RunTime:0.002645s ]
INFO: Run WriteHtmlCache Behavior [ RunTime:0.002154s ]
INFO: Run ShowRuntime Behavior [ RunTime:0.002151s ]
INFO: [ view_filter ] --END-- [ RunTime:0.011126s ]
INFO: [ view_end ] --START--
INFO: Run ShowPageTrace Behavior [ RunTime:0.002877s ]
INFO: [ view_end ] --END-- [ RunTime:0.003226s ]

[ 2013-04-22T22:29:26+08:00 ] 127.0.0.1 /GitHub/photo/index.php/Admin/Public/drag
INFO: [ view_template ] --START--
INFO: Run LocationTemplate Behavior [ RunTime:0.003262s ]
INFO: [ view_template ] --END-- [ RunTime:0.003847s ]
INFO: [ view_parse ] --START--
INFO: Run ParseTemplate Behavior [ RunTime:0.027360s ]
INFO: [ view_parse ] --END-- [ RunTime:0.027899s ]
INFO: [ view_filter ] --START--
INFO: Run ContentReplace Behavior [ RunTime:0.002571s ]
INFO: Run TokenBuild Behavior [ RunTime:0.003232s ]
INFO: Run WriteHtmlCache Behavior [ RunTime:0.001580s ]
INFO: Run ShowRuntime Behavior [ RunTime:0.003402s ]
INFO: [ view_filter ] --END-- [ RunTime:0.012125s ]
INFO: [ view_end ] --START--
INFO: Run ShowPageTrace Behavior [ RunTime:0.003210s ]
INFO: [ view_end ] --END-- [ RunTime:0.003678s ]

[ 2013-04-22T22:29:27+08:00 ] 127.0.0.1 /GitHub/photo/index.php/Admin/Public/footer
INFO: [ view_template ] --START--
INFO: Run LocationTemplate Behavior [ RunTime:0.006955s ]
INFO: [ view_template ] --END-- [ RunTime:0.007337s ]
INFO: [ view_parse ] --START--
INFO: Run ParseTemplate Behavior [ RunTime:0.046392s ]
INFO: [ view_parse ] --END-- [ RunTime:0.046813s ]
INFO: [ view_filter ] --START--
INFO: Run ContentReplace Behavior [ RunTime:0.003193s ]
INFO: Run TokenBuild Behavior [ RunTime:0.003198s ]
INFO: Run WriteHtmlCache Behavior [ RunTime:0.002766s ]
INFO: Run ShowRuntime Behavior [ RunTime:0.004939s ]
INFO: [ view_filter ] --END-- [ RunTime:0.016095s ]
INFO: [ view_end ] --START--
INFO: Run ShowPageTrace Behavior [ RunTime:0.002784s ]
INFO: [ view_end ] --END-- [ RunTime:0.003977s ]

[ 2013-04-22T22:33:17+08:00 ] 127.0.0.1 /GitHub/photo/index.php/Admin/Index/index
INFO: [ view_template ] --START--
INFO: Run LocationTemplate Behavior [ RunTime:0.002417s ]
INFO: [ view_template ] --END-- [ RunTime:0.002772s ]
INFO: [ view_parse ] --START--
INFO: Run ParseTemplate Behavior [ RunTime:0.021640s ]
INFO: [ view_parse ] --END-- [ RunTime:0.022037s ]
INFO: [ view_filter ] --START--
INFO: Run ContentReplace Behavior [ RunTime:0.001800s ]
INFO: Run TokenBuild Behavior [ RunTime:0.001774s ]
INFO: Run WriteHtmlCache Behavior [ RunTime:0.001400s ]
INFO: Run ShowRuntime Behavior [ RunTime:0.002382s ]
INFO: [ view_filter ] --END-- [ RunTime:0.008274s ]
INFO: [ view_end ] --START--
INFO: Run ShowPageTrace Behavior [ RunTime:0.002399s ]
INFO: [ view_end ] --END-- [ RunTime:0.002767s ]

[ 2013-04-22T22:33:18+08:00 ] 127.0.0.1 /GitHub/photo/index.php/Admin/Public/drag
INFO: [ view_template ] --START--
INFO: Run LocationTemplate Behavior [ RunTime:0.019100s ]
INFO: [ view_template ] --END-- [ RunTime:0.019577s ]
INFO: [ view_parse ] --START--
INFO: Run ParseTemplate Behavior [ RunTime:0.033187s ]
INFO: [ view_parse ] --END-- [ RunTime:0.033612s ]
INFO: [ view_filter ] --START--
INFO: Run ContentReplace Behavior [ RunTime:0.002813s ]
INFO: Run TokenBuild Behavior [ RunTime:0.002742s ]
INFO: Run WriteHtmlCache Behavior [ RunTime:0.009742s ]
INFO: Run ShowRuntime Behavior [ RunTime:0.002607s ]
INFO: [ view_filter ] --END-- [ RunTime:0.019129s ]
INFO: [ view_end ] --START--
INFO: Run ShowPageTrace Behavior [ RunTime:0.002532s ]
INFO: [ view_end ] --END-- [ RunTime:0.004321s ]

[ 2013-04-22T22:33:18+08:00 ] 127.0.0.1 /GitHub/photo/index.php/Admin/Public/footer
INFO: [ view_template ] --START--
INFO: Run LocationTemplate Behavior [ RunTime:0.003066s ]
INFO: [ view_template ] --END-- [ RunTime:0.003526s ]
INFO: [ view_parse ] --START--
INFO: Run ParseTemplate Behavior [ RunTime:0.029334s ]
INFO: [ view_parse ] --END-- [ RunTime:0.030013s ]
INFO: [ view_filter ] --START--
INFO: Run ContentReplace Behavior [ RunTime:0.002211s ]
INFO: Run TokenBuild Behavior [ RunTime:0.003380s ]
INFO: Run WriteHtmlCache Behavior [ RunTime:0.001556s ]
INFO: Run ShowRuntime Behavior [ RunTime:0.003608s ]
INFO: [ view_filter ] --END-- [ RunTime:0.012171s ]
INFO: [ view_end ] --START--
INFO: Run ShowPageTrace Behavior [ RunTime:0.003598s ]
INFO: [ view_end ] --END-- [ RunTime:0.004059s ]

[ 2013-04-22T22:33:18+08:00 ] 127.0.0.1 /GitHub/photo/index.php/Admin/Public/top
INFO: [ view_template ] --START--
INFO: Run LocationTemplate Behavior [ RunTime:0.003980s ]
INFO: [ view_template ] --END-- [ RunTime:0.004387s ]
INFO: [ view_parse ] --START--
INFO: Run ParseTemplate Behavior [ RunTime:0.036022s ]
INFO: [ view_parse ] --END-- [ RunTime:0.036474s ]
INFO: [ view_filter ] --START--
INFO: Run ContentReplace Behavior [ RunTime:0.003235s ]
INFO: Run TokenBuild Behavior [ RunTime:0.004341s ]
INFO: Run WriteHtmlCache Behavior [ RunTime:0.002248s ]
INFO: Run ShowRuntime Behavior [ RunTime:0.003818s ]
INFO: [ view_filter ] --END-- [ RunTime:0.014968s ]
INFO: [ view_end ] --START--
INFO: Run ShowPageTrace Behavior [ RunTime:0.002513s ]
INFO: [ view_end ] --END-- [ RunTime:0.002895s ]

[ 2013-04-22T22:33:18+08:00 ] 127.0.0.1 /GitHub/photo/index.php/Admin/Public/menu
INFO: [ view_template ] --START--
INFO: Run LocationTemplate Behavior [ RunTime:0.004580s ]
INFO: [ view_template ] --END-- [ RunTime:0.005027s ]
INFO: [ view_parse ] --START--
INFO: Run ParseTemplate Behavior [ RunTime:0.026725s ]
INFO: [ view_parse ] --END-- [ RunTime:0.027135s ]
INFO: [ view_filter ] --START--
INFO: Run ContentReplace Behavior [ RunTime:0.001857s ]
INFO: Run TokenBuild Behavior [ RunTime:0.001838s ]
INFO: Run WriteHtmlCache Behavior [ RunTime:0.001331s ]
INFO: Run ShowRuntime Behavior [ RunTime:0.001932s ]
INFO: [ view_filter ] --END-- [ RunTime:0.007870s ]
INFO: [ view_end ] --START--
INFO: Run ShowPageTrace Behavior [ RunTime:0.001997s ]
INFO: [ view_end ] --END-- [ RunTime:0.002311s ]

[ 2013-04-22T22:37:40+08:00 ] 127.0.0.1 /GitHub/photo/index.php/Admin/Index/index
INFO: [ view_template ] --START--
INFO: Run LocationTemplate Behavior [ RunTime:0.002380s ]
INFO: [ view_template ] --END-- [ RunTime:0.002781s ]
INFO: [ view_parse ] --START--
INFO: Run ParseTemplate Behavior [ RunTime:0.024705s ]
INFO: [ view_parse ] --END-- [ RunTime:0.025106s ]
INFO: [ view_filter ] --START--
INFO: Run ContentReplace Behavior [ RunTime:0.002077s ]
INFO: Run TokenBuild Behavior [ RunTime:0.001576s ]
INFO: Run WriteHtmlCache Behavior [ RunTime:0.001565s ]
INFO: Run ShowRuntime Behavior [ RunTime:0.001746s ]
INFO: [ view_filter ] --END-- [ RunTime:0.007869s ]
INFO: [ view_end ] --START--
INFO: Run ShowPageTrace Behavior [ RunTime:0.001863s ]
INFO: [ view_end ] --END-- [ RunTime:0.002176s ]

[ 2013-04-22T22:37:40+08:00 ] 127.0.0.1 /GitHub/photo/index.php/Admin/Public/top
INFO: [ view_template ] --START--
INFO: Run LocationTemplate Behavior [ RunTime:0.004666s ]
INFO: [ view_template ] --END-- [ RunTime:0.005038s ]
INFO: [ view_parse ] --START--
INFO: Run ParseTemplate Behavior [ RunTime:0.062642s ]
INFO: [ view_parse ] --END-- [ RunTime:0.063044s ]
INFO: [ view_filter ] --START--
INFO: Run ContentReplace Behavior [ RunTime:0.002323s ]
INFO: Run TokenBuild Behavior [ RunTime:0.001937s ]
INFO: Run WriteHtmlCache Behavior [ RunTime:0.001838s ]
INFO: Run ShowRuntime Behavior [ RunTime:0.002056s ]
INFO: [ view_filter ] --END-- [ RunTime:0.009269s ]
INFO: [ view_end ] --START--
INFO: Run ShowPageTrace Behavior [ RunTime:0.001857s ]
INFO: [ view_end ] --END-- [ RunTime:0.002181s ]

[ 2013-04-22T22:37:40+08:00 ] 127.0.0.1 /GitHub/photo/index.php/Admin/Public/drag
INFO: [ view_template ] --START--
INFO: Run LocationTemplate Behavior [ RunTime:0.011995s ]
INFO: [ view_template ] --END-- [ RunTime:0.012635s ]
INFO: [ view_parse ] --START--
INFO: Run ParseTemplate Behavior [ RunTime:0.048199s ]
INFO: [ view_parse ] --END-- [ RunTime:0.048569s ]
INFO: [ view_filter ] --START--
INFO: Run ContentReplace Behavior [ RunTime:0.002258s ]
INFO: Run TokenBuild Behavior [ RunTime:0.004915s ]
INFO: Run WriteHtmlCache Behavior [ RunTime:0.002449s ]
INFO: Run ShowRuntime Behavior [ RunTime:0.003256s ]
INFO: [ view_filter ] --END-- [ RunTime:0.014049s ]
INFO: [ view_end ] --START--
INFO: Run ShowPageTrace Behavior [ RunTime:0.003992s ]
INFO: [ view_end ] --END-- [ RunTime:0.004452s ]

[ 2013-04-22T22:37:40+08:00 ] 127.0.0.1 /GitHub/photo/index.php/Admin/Public/menu
INFO: [ view_template ] --START--
INFO: Run LocationTemplate Behavior [ RunTime:0.004863s ]
INFO: [ view_template ] --END-- [ RunTime:0.005314s ]
INFO: [ view_parse ] --START--
INFO: Run ParseTemplate Behavior [ RunTime:0.032554s ]
INFO: [ view_parse ] --END-- [ RunTime:0.032999s ]
INFO: [ view_filter ] --START--
INFO: Run ContentReplace Behavior [ RunTime:0.003161s ]
INFO: Run TokenBuild Behavior [ RunTime:0.004669s ]
INFO: Run WriteHtmlCache Behavior [ RunTime:0.002734s ]
INFO: Run ShowRuntime Behavior [ RunTime:0.004217s ]
INFO: [ view_filter ] --END-- [ RunTime:0.017511s ]
INFO: [ view_end ] --START--
INFO: Run ShowPageTrace Behavior [ RunTime:0.005568s ]
INFO: [ view_end ] --END-- [ RunTime:0.005973s ]

[ 2013-04-22T22:37:40+08:00 ] 127.0.0.1 /GitHub/photo/index.php/Admin/Public/footer
INFO: [ view_template ] --START--
INFO: Run LocationTemplate Behavior [ RunTime:0.004043s ]
INFO: [ view_template ] --END-- [ RunTime:0.004564s ]
INFO: [ view_parse ] --START--
INFO: Run ParseTemplate Behavior [ RunTime:0.031604s ]
INFO: [ view_parse ] --END-- [ RunTime:0.032074s ]
INFO: [ view_filter ] --START--
INFO: Run ContentReplace Behavior [ RunTime:0.002172s ]
INFO: Run TokenBuild Behavior [ RunTime:0.002228s ]
INFO: Run WriteHtmlCache Behavior [ RunTime:0.001541s ]
INFO: Run ShowRuntime Behavior [ RunTime:0.001737s ]
INFO: [ view_filter ] --END-- [ RunTime:0.008749s ]
INFO: [ view_end ] --START--
INFO: Run ShowPageTrace Behavior [ RunTime:0.001793s ]
INFO: [ view_end ] --END-- [ RunTime:0.002122s ]

[ 2013-04-22T22:39:51+08:00 ] 127.0.0.1 /GitHub/photo/index.php/Admin/Index/index
INFO: [ view_template ] --START--
INFO: Run LocationTemplate Behavior [ RunTime:0.002746s ]
INFO: [ view_template ] --END-- [ RunTime:0.003204s ]
INFO: [ view_parse ] --START--
INFO: Run ParseTemplate Behavior [ RunTime:0.022877s ]
INFO: [ view_parse ] --END-- [ RunTime:0.023329s ]
INFO: [ view_filter ] --START--
INFO: Run ContentReplace Behavior [ RunTime:0.001969s ]
INFO: Run TokenBuild Behavior [ RunTime:0.001693s ]
INFO: Run WriteHtmlCache Behavior [ RunTime:0.001193s ]
INFO: Run ShowRuntime Behavior [ RunTime:0.003086s ]
INFO: [ view_filter ] --END-- [ RunTime:0.009075s ]
INFO: [ view_end ] --START--
INFO: Run ShowPageTrace Behavior [ RunTime:0.002454s ]
INFO: [ view_end ] --END-- [ RunTime:0.002869s ]

[ 2013-04-22T22:39:51+08:00 ] 127.0.0.1 /GitHub/photo/index.php/Admin/Public/footer
INFO: [ view_template ] --START--
INFO: Run LocationTemplate Behavior [ RunTime:0.004319s ]
INFO: [ view_template ] --END-- [ RunTime:0.004687s ]
INFO: [ view_parse ] --START--
INFO: Run ParseTemplate Behavior [ RunTime:0.049545s ]
INFO: [ view_parse ] --END-- [ RunTime:0.049972s ]
INFO: [ view_filter ] --START--
INFO: Run ContentReplace Behavior [ RunTime:0.001742s ]
INFO: Run TokenBuild Behavior [ RunTime:0.001592s ]
INFO: Run WriteHtmlCache Behavior [ RunTime:0.001561s ]
INFO: Run ShowRuntime Behavior [ RunTime:0.002804s ]
INFO: [ view_filter ] --END-- [ RunTime:0.008743s ]
INFO: [ view_end ] --START--
INFO: Run ShowPageTrace Behavior [ RunTime:0.002571s ]
INFO: [ view_end ] --END-- [ RunTime:0.002949s ]

[ 2013-04-22T22:39:51+08:00 ] 127.0.0.1 /GitHub/photo/index.php/Admin/Public/top
INFO: [ view_template ] --START--
INFO: Run LocationTemplate Behavior [ RunTime:0.003517s ]
INFO: [ view_template ] --END-- [ RunTime:0.003924s ]
INFO: [ view_parse ] --START--
INFO: Run ParseTemplate Behavior [ RunTime:0.024309s ]
INFO: [ view_parse ] --END-- [ RunTime:0.024778s ]
INFO: [ view_filter ] --START--
INFO: Run ContentReplace Behavior [ RunTime:0.002618s ]
INFO: Run TokenBuild Behavior [ RunTime:0.002669s ]
INFO: Run WriteHtmlCache Behavior [ RunTime:0.002002s ]
INFO: Run ShowRuntime Behavior [ RunTime:0.002928s ]
INFO: [ view_filter ] --END-- [ RunTime:0.011828s ]
INFO: [ view_end ] --START--
INFO: Run ShowPageTrace Behavior [ RunTime:0.003146s ]
INFO: [ view_end ] --END-- [ RunTime:0.004062s ]

[ 2013-04-22T22:39:51+08:00 ] 127.0.0.1 /GitHub/photo/index.php/Admin/Public/drag
INFO: [ view_template ] --START--
INFO: Run LocationTemplate Behavior [ RunTime:0.004905s ]
INFO: [ view_template ] --END-- [ RunTime:0.005355s ]
INFO: [ view_parse ] --START--
INFO: Run ParseTemplate Behavior [ RunTime:0.023882s ]
INFO: [ view_parse ] --END-- [ RunTime:0.024234s ]
INFO: [ view_filter ] --START--
INFO: Run ContentReplace Behavior [ RunTime:0.002166s ]
INFO: Run TokenBuild Behavior [ RunTime:0.003478s ]
INFO: Run WriteHtmlCache Behavior [ RunTime:0.002232s ]
INFO: Run ShowRuntime Behavior [ RunTime:0.002990s ]
INFO: [ view_filter ] --END-- [ RunTime:0.012025s ]
INFO: [ view_end ] --START--
INFO: Run ShowPageTrace Behavior [ RunTime:0.002878s ]
INFO: [ view_end ] --END-- [ RunTime:0.003314s ]

[ 2013-04-22T22:39:51+08:00 ] 127.0.0.1 /GitHub/photo/index.php/Admin/Public/menu
INFO: [ view_template ] --START--
INFO: Run LocationTemplate Behavior [ RunTime:0.011935s ]
INFO: [ view_template ] --END-- [ RunTime:0.012386s ]
INFO: [ view_parse ] --START--
INFO: Run ParseTemplate Behavior [ RunTime:0.034909s ]
INFO: [ view_parse ] --END-- [ RunTime:0.035390s ]
INFO: [ view_filter ] --START--
INFO: Run ContentReplace Behavior [ RunTime:0.009051s ]
INFO: Run TokenBuild Behavior [ RunTime:0.004530s ]
INFO: Run WriteHtmlCache Behavior [ RunTime:0.001877s ]
INFO: Run ShowRuntime Behavior [ RunTime:0.003496s ]
INFO: [ view_filter ] --END-- [ RunTime:0.020164s ]
INFO: [ view_end ] --START--
INFO: Run ShowPageTrace Behavior [ RunTime:0.003610s ]
INFO: [ view_end ] --END-- [ RunTime:0.004282s ]

[ 2013-04-22T22:47:42+08:00 ] 127.0.0.1 /GitHub/photo/index.php/Admin/Index/index
INFO: [ view_template ] --START--
INFO: Run LocationTemplate Behavior [ RunTime:0.003659s ]
INFO: [ view_template ] --END-- [ RunTime:0.004117s ]
INFO: [ view_parse ] --START--
INFO: Run ParseTemplate Behavior [ RunTime:0.022352s ]
INFO: [ view_parse ] --END-- [ RunTime:0.022753s ]
INFO: [ view_filter ] --START--
INFO: Run ContentReplace Behavior [ RunTime:0.001712s ]
INFO: Run TokenBuild Behavior [ RunTime:0.001738s ]
INFO: Run WriteHtmlCache Behavior [ RunTime:0.001363s ]
INFO: Run ShowRuntime Behavior [ RunTime:0.001990s ]
INFO: [ view_filter ] --END-- [ RunTime:0.007658s ]
INFO: [ view_end ] --START--
INFO: Run ShowPageTrace Behavior [ RunTime:0.002065s ]
INFO: [ view_end ] --END-- [ RunTime:0.002378s ]

[ 2013-04-22T22:47:43+08:00 ] 127.0.0.1 /GitHub/photo/index.php/Admin/Public/footer
INFO: [ view_template ] --START--
INFO: Run LocationTemplate Behavior [ RunTime:0.006264s ]
INFO: [ view_template ] --END-- [ RunTime:0.006642s ]
INFO: [ view_parse ] --START--
INFO: Run ParseTemplate Behavior [ RunTime:0.031136s ]
INFO: [ view_parse ] --END-- [ RunTime:0.031568s ]
INFO: [ view_filter ] --START--
INFO: Run ContentReplace Behavior [ RunTime:0.003035s ]
INFO: Run TokenBuild Behavior [ RunTime:0.001882s ]
INFO: Run WriteHtmlCache Behavior [ RunTime:0.001692s ]
INFO: Run ShowRuntime Behavior [ RunTime:0.003567s ]
INFO: [ view_filter ] --END-- [ RunTime:0.011381s ]
INFO: [ view_end ] --START--
INFO: Run ShowPageTrace Behavior [ RunTime:0.002205s ]
INFO: [ view_end ] --END-- [ RunTime:0.002561s ]

[ 2013-04-22T22:47:43+08:00 ] 127.0.0.1 /GitHub/photo/index.php/Admin/Public/menu
INFO: [ view_template ] --START--
INFO: Run LocationTemplate Behavior [ RunTime:0.009631s ]
INFO: [ view_template ] --END-- [ RunTime:0.010053s ]
INFO: [ view_parse ] --START--
INFO: Run ParseTemplate Behavior [ RunTime:0.048418s ]
INFO: [ view_parse ] --END-- [ RunTime:0.048848s ]
INFO: [ view_filter ] --START--
INFO: Run ContentReplace Behavior [ RunTime:0.003163s ]
INFO: Run TokenBuild Behavior [ RunTime:0.004452s ]
INFO: Run WriteHtmlCache Behavior [ RunTime:0.002342s ]
INFO: Run ShowRuntime Behavior [ RunTime:0.002855s ]
INFO: [ view_filter ] --END-- [ RunTime:0.013973s ]
INFO: [ view_end ] --START--
INFO: Run ShowPageTrace Behavior [ RunTime:0.003970s ]
INFO: [ view_end ] --END-- [ RunTime:0.004416s ]

[ 2013-04-22T22:47:43+08:00 ] 127.0.0.1 /GitHub/photo/index.php/Admin/Public/top
INFO: [ view_template ] --START--
INFO: Run LocationTemplate Behavior [ RunTime:0.004412s ]
INFO: [ view_template ] --END-- [ RunTime:0.005101s ]
INFO: [ view_parse ] --START--
INFO: Run ParseTemplate Behavior [ RunTime:0.033713s ]
INFO: [ view_parse ] --END-- [ RunTime:0.034252s ]
INFO: [ view_filter ] --START--
INFO: Run ContentReplace Behavior [ RunTime:0.003199s ]
INFO: Run TokenBuild Behavior [ RunTime:0.003682s ]
INFO: Run WriteHtmlCache Behavior [ RunTime:0.002528s ]
INFO: Run ShowRuntime Behavior [ RunTime:0.003564s ]
INFO: [ view_filter ] --END-- [ RunTime:0.014180s ]
INFO: [ view_end ] --START--
INFO: Run ShowPageTrace Behavior [ RunTime:0.004131s ]
INFO: [ view_end ] --END-- [ RunTime:0.004547s ]

[ 2013-04-22T22:47:43+08:00 ] 127.0.0.1 /GitHub/photo/index.php/Admin/Public/drag
INFO: [ view_template ] --START--
INFO: Run LocationTemplate Behavior [ RunTime:0.004813s ]
INFO: [ view_template ] --END-- [ RunTime:0.005259s ]
INFO: [ view_parse ] --START--
INFO: Run ParseTemplate Behavior [ RunTime:0.025689s ]
INFO: [ view_parse ] --END-- [ RunTime:0.026107s ]
INFO: [ view_filter ] --START--
INFO: Run ContentReplace Behavior [ RunTime:0.001947s ]
INFO: Run TokenBuild Behavior [ RunTime:0.001676s ]
INFO: Run WriteHtmlCache Behavior [ RunTime:0.001627s ]
INFO: Run ShowRuntime Behavior [ RunTime:0.002281s ]
INFO: [ view_filter ] --END-- [ RunTime:0.008507s ]
INFO: [ view_end ] --START--
INFO: Run ShowPageTrace Behavior [ RunTime:0.001986s ]
INFO: [ view_end ] --END-- [ RunTime:0.002298s ]

[ 2013-04-22T22:51:38+08:00 ] 127.0.0.1 /GitHub/photo/index.php/Admin/Index/index
INFO: [ view_template ] --START--
INFO: Run LocationTemplate Behavior [ RunTime:0.003446s ]
INFO: [ view_template ] --END-- [ RunTime:0.004056s ]
INFO: [ view_parse ] --START--
INFO: Run ParseTemplate Behavior [ RunTime:0.021078s ]
INFO: [ view_parse ] --END-- [ RunTime:0.021499s ]
INFO: [ view_filter ] --START--
INFO: Run ContentReplace Behavior [ RunTime:0.001617s ]
INFO: Run TokenBuild Behavior [ RunTime:0.001728s ]
INFO: Run WriteHtmlCache Behavior [ RunTime:0.001268s ]
INFO: Run ShowRuntime Behavior [ RunTime:0.001629s ]
INFO: [ view_filter ] --END-- [ RunTime:0.007302s ]
INFO: [ view_end ] --START--
INFO: Run ShowPageTrace Behavior [ RunTime:0.001561s ]
INFO: [ view_end ] --END-- [ RunTime:0.001874s ]

[ 2013-04-22T22:51:38+08:00 ] 127.0.0.1 /GitHub/photo/index.php/Admin/Public/top
INFO: [ view_template ] --START--
INFO: Run LocationTemplate Behavior [ RunTime:0.005612s ]
INFO: [ view_template ] --END-- [ RunTime:0.006051s ]
INFO: [ view_parse ] --START--
INFO: Run ParseTemplate Behavior [ RunTime:0.019046s ]
INFO: [ view_parse ] --END-- [ RunTime:0.019444s ]
INFO: [ view_filter ] --START--
INFO: Run ContentReplace Behavior [ RunTime:0.001160s ]
INFO: Run TokenBuild Behavior [ RunTime:0.001208s ]
INFO: Run WriteHtmlCache Behavior [ RunTime:0.001342s ]
INFO: Run ShowRuntime Behavior [ RunTime:0.002228s ]
INFO: [ view_filter ] --END-- [ RunTime:0.006937s ]
INFO: [ view_end ] --START--
INFO: Run ShowPageTrace Behavior [ RunTime:0.001608s ]
INFO: [ view_end ] --END-- [ RunTime:0.001922s ]

[ 2013-04-22T22:51:39+08:00 ] 127.0.0.1 /GitHub/photo/index.php/Admin/Public/menu
INFO: [ view_template ] --START--
INFO: Run LocationTemplate Behavior [ RunTime:0.004918s ]
INFO: [ view_template ] --END-- [ RunTime:0.005436s ]
INFO: [ view_parse ] --START--
INFO: Run ParseTemplate Behavior [ RunTime:0.036729s ]
INFO: [ view_parse ] --END-- [ RunTime:0.037199s ]
INFO: [ view_filter ] --START--
INFO: Run ContentReplace Behavior [ RunTime:0.001681s ]
INFO: Run TokenBuild Behavior [ RunTime:0.003020s ]
INFO: Run WriteHtmlCache Behavior [ RunTime:0.002695s ]
INFO: Run ShowRuntime Behavior [ RunTime:0.003535s ]
INFO: [ view_filter ] --END-- [ RunTime:0.012514s ]
INFO: [ view_end ] --START--
INFO: Run ShowPageTrace Behavior [ RunTime:0.003171s ]
INFO: [ view_end ] --END-- [ RunTime:0.003670s ]

[ 2013-04-22T22:51:39+08:00 ] 127.0.0.1 /GitHub/photo/index.php/Admin/Public/drag
INFO: [ view_template ] --START--
INFO: Run LocationTemplate Behavior [ RunTime:0.012812s ]
INFO: [ view_template ] --END-- [ RunTime:0.013456s ]
INFO: [ view_parse ] --START--
INFO: Run ParseTemplate Behavior [ RunTime:0.036089s ]
INFO: [ view_parse ] --END-- [ RunTime:0.036508s ]
INFO: [ view_filter ] --START--
INFO: Run ContentReplace Behavior [ RunTime:0.009546s ]
INFO: Run TokenBuild Behavior [ RunTime:0.003596s ]
INFO: Run WriteHtmlCache Behavior [ RunTime:0.003152s ]
INFO: Run ShowRuntime Behavior [ RunTime:0.002882s ]
INFO: [ view_filter ] --END-- [ RunTime:0.020335s ]
INFO: [ view_end ] --START--
INFO: Run ShowPageTrace Behavior [ RunTime:0.004628s ]
INFO: [ view_end ] --END-- [ RunTime:0.006071s ]

[ 2013-04-22T22:51:39+08:00 ] 127.0.0.1 /GitHub/photo/index.php/Admin/Public/footer
INFO: [ view_template ] --START--
INFO: Run LocationTemplate Behavior [ RunTime:0.003779s ]
INFO: [ view_template ] --END-- [ RunTime:0.004320s ]
INFO: [ view_parse ] --START--
INFO: Run ParseTemplate Behavior [ RunTime:0.036482s ]
INFO: [ view_parse ] --END-- [ RunTime:0.037031s ]
INFO: [ view_filter ] --START--
INFO: Run ContentReplace Behavior [ RunTime:0.003567s ]
INFO: Run TokenBuild Behavior [ RunTime:0.004210s ]
INFO: Run WriteHtmlCache Behavior [ RunTime:0.002421s ]
INFO: Run ShowRuntime Behavior [ RunTime:0.004925s ]
INFO: [ view_filter ] --END-- [ RunTime:0.016556s ]
INFO: [ view_end ] --START--
INFO: Run ShowPageTrace Behavior [ RunTime:0.003825s ]
INFO: [ view_end ] --END-- [ RunTime:0.004245s ]

[ 2013-04-22T22:57:20+08:00 ] 127.0.0.1 /GitHub/photo/index.php/Admin/Index/index
INFO: [ view_template ] --START--
INFO: Run LocationTemplate Behavior [ RunTime:0.002623s ]
INFO: [ view_template ] --END-- [ RunTime:0.003036s ]
INFO: [ view_parse ] --START--
INFO: Run ParseTemplate Behavior [ RunTime:0.020242s ]
INFO: [ view_parse ] --END-- [ RunTime:0.020654s ]
INFO: [ view_filter ] --START--
INFO: Run ContentReplace Behavior [ RunTime:0.002630s ]
INFO: Run TokenBuild Behavior [ RunTime:0.002023s ]
INFO: Run WriteHtmlCache Behavior [ RunTime:0.002143s ]
INFO: Run ShowRuntime Behavior [ RunTime:0.002999s ]
INFO: [ view_filter ] --END-- [ RunTime:0.010926s ]
INFO: [ view_end ] --START--
INFO: Run ShowPageTrace Behavior [ RunTime:0.003333s ]
INFO: [ view_end ] --END-- [ RunTime:0.003708s ]

[ 2013-04-22T22:57:20+08:00 ] 127.0.0.1 /GitHub/photo/index.php/Admin/Public/menu
INFO: [ view_template ] --START--
INFO: Run LocationTemplate Behavior [ RunTime:0.004506s ]
INFO: [ view_template ] --END-- [ RunTime:0.004894s ]
INFO: [ view_parse ] --START--
INFO: Run ParseTemplate Behavior [ RunTime:0.028875s ]
INFO: [ view_parse ] --END-- [ RunTime:0.029355s ]
INFO: [ view_filter ] --START--
INFO: Run ContentReplace Behavior [ RunTime:0.003210s ]
INFO: Run TokenBuild Behavior [ RunTime:0.003484s ]
INFO: Run WriteHtmlCache Behavior [ RunTime:0.003875s ]
INFO: Run ShowRuntime Behavior [ RunTime:0.003950s ]
INFO: [ view_filter ] --END-- [ RunTime:0.015602s ]
INFO: [ view_end ] --START--
INFO: Run ShowPageTrace Behavior [ RunTime:0.004090s ]
INFO: [ view_end ] --END-- [ RunTime:0.004434s ]

[ 2013-04-22T22:57:20+08:00 ] 127.0.0.1 /GitHub/photo/index.php/Admin/Public/drag
INFO: [ view_template ] --START--
INFO: Run LocationTemplate Behavior [ RunTime:0.007895s ]
INFO: [ view_template ] --END-- [ RunTime:0.008388s ]
INFO: [ view_parse ] --START--
INFO: Run ParseTemplate Behavior [ RunTime:0.042439s ]
INFO: [ view_parse ] --END-- [ RunTime:0.042901s ]
INFO: [ view_filter ] --START--
INFO: Run ContentReplace Behavior [ RunTime:0.004372s ]
INFO: Run TokenBuild Behavior [ RunTime:0.004956s ]
INFO: Run WriteHtmlCache Behavior [ RunTime:0.002446s ]
INFO: Run ShowRuntime Behavior [ RunTime:0.003959s ]
INFO: [ view_filter ] --END-- [ RunTime:0.017053s ]
INFO: [ view_end ] --START--
INFO: Run ShowPageTrace Behavior [ RunTime:0.004021s ]
INFO: [ view_end ] --END-- [ RunTime:0.004497s ]

[ 2013-04-22T22:57:20+08:00 ] 127.0.0.1 /GitHub/photo/index.php/Admin/Public/footer
INFO: [ view_template ] --START--
INFO: Run LocationTemplate Behavior [ RunTime:0.007926s ]
INFO: [ view_template ] --END-- [ RunTime:0.008484s ]
INFO: [ view_parse ] --START--
INFO: Run ParseTemplate Behavior [ RunTime:0.031773s ]
INFO: [ view_parse ] --END-- [ RunTime:0.032444s ]
INFO: [ view_filter ] --START--
INFO: Run ContentReplace Behavior [ RunTime:0.002414s ]
INFO: Run TokenBuild Behavior [ RunTime:0.002867s ]
INFO: Run WriteHtmlCache Behavior [ RunTime:0.002793s ]
INFO: Run ShowRuntime Behavior [ RunTime:0.002837s ]
INFO: [ view_filter ] --END-- [ RunTime:0.012343s ]
INFO: [ view_end ] --START--
INFO: Run ShowPageTrace Behavior [ RunTime:0.003117s ]
INFO: [ view_end ] --END-- [ RunTime:0.003489s ]

[ 2013-04-22T22:57:20+08:00 ] 127.0.0.1 /GitHub/photo/index.php/Admin/Public/top
INFO: [ view_template ] --START--
INFO: Run LocationTemplate Behavior [ RunTime:0.004369s ]
INFO: [ view_template ] --END-- [ RunTime:0.004916s ]
INFO: [ view_parse ] --START--
INFO: Run ParseTemplate Behavior [ RunTime:0.034309s ]
INFO: [ view_parse ] --END-- [ RunTime:0.034807s ]
INFO: [ view_filter ] --START--
INFO: Run ContentReplace Behavior [ RunTime:0.002409s ]
INFO: Run TokenBuild Behavior [ RunTime:0.003350s ]
INFO: Run WriteHtmlCache Behavior [ RunTime:0.002849s ]
INFO: Run ShowRuntime Behavior [ RunTime:0.004332s ]
INFO: [ view_filter ] --END-- [ RunTime:0.014580s ]
INFO: [ view_end ] --START--
INFO: Run ShowPageTrace Behavior [ RunTime:0.003089s ]
INFO: [ view_end ] --END-- [ RunTime:0.003547s ]

[ 2013-04-22T23:01:25+08:00 ] 127.0.0.1 /GitHub/photo/index.php/Admin/Index/index
INFO: [ view_template ] --START--
INFO: Run LocationTemplate Behavior [ RunTime:0.002823s ]
INFO: [ view_template ] --END-- [ RunTime:0.003233s ]
INFO: [ view_parse ] --START--
INFO: Run ParseTemplate Behavior [ RunTime:0.024315s ]
INFO: [ view_parse ] --END-- [ RunTime:0.024721s ]
INFO: [ view_filter ] --START--
INFO: Run ContentReplace Behavior [ RunTime:0.002171s ]
INFO: Run TokenBuild Behavior [ RunTime:0.001658s ]
INFO: Run WriteHtmlCache Behavior [ RunTime:0.001728s ]
INFO: Run ShowRuntime Behavior [ RunTime:0.002616s ]
INFO: [ view_filter ] --END-- [ RunTime:0.009210s ]
INFO: [ view_end ] --START--
INFO: Run ShowPageTrace Behavior [ RunTime:0.002657s ]
INFO: [ view_end ] --END-- [ RunTime:0.003076s ]

[ 2013-04-22T23:01:25+08:00 ] 127.0.0.1 /GitHub/photo/index.php/Admin/Public/top
INFO: [ view_template ] --START--
INFO: Run LocationTemplate Behavior [ RunTime:0.008281s ]
INFO: [ view_template ] --END-- [ RunTime:0.008774s ]
INFO: [ view_parse ] --START--
INFO: Run ParseTemplate Behavior [ RunTime:0.030723s ]
INFO: [ view_parse ] --END-- [ RunTime:0.031178s ]
INFO: [ view_filter ] --START--
INFO: Run ContentReplace Behavior [ RunTime:0.002600s ]
INFO: Run TokenBuild Behavior [ RunTime:0.003458s ]
INFO: Run WriteHtmlCache Behavior [ RunTime:0.002569s ]
INFO: Run ShowRuntime Behavior [ RunTime:0.002950s ]
INFO: [ view_filter ] --END-- [ RunTime:0.012557s ]
INFO: [ view_end ] --START--
INFO: Run ShowPageTrace Behavior [ RunTime:0.005711s ]
INFO: [ view_end ] --END-- [ RunTime:0.006051s ]

[ 2013-04-22T23:01:25+08:00 ] 127.0.0.1 /GitHub/photo/index.php/Admin/Public/footer
INFO: [ view_template ] --START--
INFO: Run LocationTemplate Behavior [ RunTime:0.006290s ]
INFO: [ view_template ] --END-- [ RunTime:0.006772s ]
INFO: [ view_parse ] --START--
INFO: Run ParseTemplate Behavior [ RunTime:0.053291s ]
INFO: [ view_parse ] --END-- [ RunTime:0.053718s ]
INFO: [ view_filter ] --START--
INFO: Run ContentReplace Behavior [ RunTime:0.002636s ]
INFO: Run TokenBuild Behavior [ RunTime:0.002812s ]
INFO: Run WriteHtmlCache Behavior [ RunTime:0.003064s ]
INFO: Run ShowRuntime Behavior [ RunTime:0.003211s ]
INFO: [ view_filter ] --END-- [ RunTime:0.013047s ]
INFO: [ view_end ] --START--
INFO: Run ShowPageTrace Behavior [ RunTime:0.002626s ]
INFO: [ view_end ] --END-- [ RunTime:0.003048s ]

[ 2013-04-22T23:01:25+08:00 ] 127.0.0.1 /GitHub/photo/index.php/Admin/Public/menu
INFO: [ view_template ] --START--
INFO: Run LocationTemplate Behavior [ RunTime:0.004170s ]
INFO: [ view_template ] --END-- [ RunTime:0.004736s ]
INFO: [ view_parse ] --START--
INFO: Run ParseTemplate Behavior [ RunTime:0.029948s ]
INFO: [ view_parse ] --END-- [ RunTime:0.030452s ]
INFO: [ view_filter ] --START--
INFO: Run ContentReplace Behavior [ RunTime:0.002237s ]
INFO: Run TokenBuild Behavior [ RunTime:0.001705s ]
INFO: Run WriteHtmlCache Behavior [ RunTime:0.001324s ]
INFO: Run ShowRuntime Behavior [ RunTime:0.001968s ]
INFO: [ view_filter ] --END-- [ RunTime:0.008152s ]
INFO: [ view_end ] --START--
INFO: Run ShowPageTrace Behavior [ RunTime:0.001983s ]
INFO: [ view_end ] --END-- [ RunTime:0.002296s ]

[ 2013-04-22T23:01:25+08:00 ] 127.0.0.1 /GitHub/photo/index.php/Admin/Public/drag
INFO: [ view_template ] --START--
INFO: Run LocationTemplate Behavior [ RunTime:0.003815s ]
INFO: [ view_template ] --END-- [ RunTime:0.004306s ]
INFO: [ view_parse ] --START--
INFO: Run ParseTemplate Behavior [ RunTime:0.019091s ]
INFO: [ view_parse ] --END-- [ RunTime:0.019571s ]
INFO: [ view_filter ] --START--
INFO: Run ContentReplace Behavior [ RunTime:0.001532s ]
INFO: Run TokenBuild Behavior [ RunTime:0.001592s ]
INFO: Run WriteHtmlCache Behavior [ RunTime:0.001546s ]
INFO: Run ShowRuntime Behavior [ RunTime:0.002318s ]
INFO: [ view_filter ] --END-- [ RunTime:0.008097s ]
INFO: [ view_end ] --START--
INFO: Run ShowPageTrace Behavior [ RunTime:0.002635s ]
INFO: [ view_end ] --END-- [ RunTime:0.003053s ]

[ 2013-04-22T23:01:26+08:00 ] 127.0.0.1 /GitHub/photo/index.php/Admin/Index/index
INFO: [ view_template ] --START--
INFO: Run LocationTemplate Behavior [ RunTime:0.002286s ]
INFO: [ view_template ] --END-- [ RunTime:0.002639s ]
INFO: [ view_parse ] --START--
INFO: Run ParseTemplate Behavior [ RunTime:0.020562s ]
INFO: [ view_parse ] --END-- [ RunTime:0.020963s ]
INFO: [ view_filter ] --START--
INFO: Run ContentReplace Behavior [ RunTime:0.002000s ]
INFO: Run TokenBuild Behavior [ RunTime:0.002711s ]
INFO: Run WriteHtmlCache Behavior [ RunTime:0.002198s ]
INFO: Run ShowRuntime Behavior [ RunTime:0.002542s ]
INFO: [ view_filter ] --END-- [ RunTime:0.010570s ]
INFO: [ view_end ] --START--
INFO: Run ShowPageTrace Behavior [ RunTime:0.002084s ]
INFO: [ view_end ] --END-- [ RunTime:0.002393s ]

[ 2013-04-22T23:01:27+08:00 ] 127.0.0.1 /GitHub/photo/index.php/Admin/Public/menu
INFO: [ view_template ] --START--
INFO: Run LocationTemplate Behavior [ RunTime:0.005689s ]
INFO: [ view_template ] --END-- [ RunTime:0.006109s ]
INFO: [ view_parse ] --START--
INFO: Run ParseTemplate Behavior [ RunTime:0.022306s ]
INFO: [ view_parse ] --END-- [ RunTime:0.022717s ]
INFO: [ view_filter ] --START--
INFO: Run ContentReplace Behavior [ RunTime:0.001194s ]
INFO: Run TokenBuild Behavior [ RunTime:0.001281s ]
INFO: Run WriteHtmlCache Behavior [ RunTime:0.000849s ]
INFO: Run ShowRuntime Behavior [ RunTime:0.001452s ]
INFO: [ view_filter ] --END-- [ RunTime:0.005620s ]
INFO: [ view_end ] --START--
INFO: Run ShowPageTrace Behavior [ RunTime:0.001769s ]
INFO: [ view_end ] --END-- [ RunTime:0.002131s ]

[ 2013-04-22T23:01:27+08:00 ] 127.0.0.1 /GitHub/photo/index.php/Admin/Public/top
INFO: [ view_template ] --START--
INFO: Run LocationTemplate Behavior [ RunTime:0.065878s ]
INFO: [ view_template ] --END-- [ RunTime:0.066397s ]
INFO: [ view_parse ] --START--
INFO: Run ParseTemplate Behavior [ RunTime:0.073595s ]
INFO: [ view_parse ] --END-- [ RunTime:0.074093s ]
INFO: [ view_filter ] --START--
INFO: Run ContentReplace Behavior [ RunTime:0.006512s ]
INFO: Run TokenBuild Behavior [ RunTime:0.102406s ]
INFO: Run WriteHtmlCache Behavior [ RunTime:0.155644s ]
INFO: Run ShowRuntime Behavior [ RunTime:0.012126s ]
INFO: [ view_filter ] --END-- [ RunTime:0.277938s ]
INFO: [ view_end ] --START--
INFO: Run ShowPageTrace Behavior [ RunTime:0.015647s ]
INFO: [ view_end ] --END-- [ RunTime:0.016094s ]

[ 2013-04-22T23:01:27+08:00 ] 127.0.0.1 /GitHub/photo/index.php/Admin/Public/footer
INFO: [ view_template ] --START--
INFO: Run LocationTemplate Behavior [ RunTime:0.015610s ]
INFO: [ view_template ] --END-- [ RunTime:0.016139s ]
INFO: [ view_parse ] --START--
INFO: Run ParseTemplate Behavior [ RunTime:0.073576s ]
INFO: [ view_parse ] --END-- [ RunTime:0.074083s ]
INFO: [ view_filter ] --START--
INFO: Run ContentReplace Behavior [ RunTime:0.008071s ]
INFO: Run TokenBuild Behavior [ RunTime:0.009728s ]
INFO: Run WriteHtmlCache Behavior [ RunTime:0.011904s ]
INFO: Run ShowRuntime Behavior [ RunTime:0.014519s ]
INFO: [ view_filter ] --END-- [ RunTime:0.046060s ]
INFO: [ view_end ] --START--
INFO: Run ShowPageTrace Behavior [ RunTime:0.013260s ]
INFO: [ view_end ] --END-- [ RunTime:0.013809s ]

[ 2013-04-22T23:01:28+08:00 ] 127.0.0.1 /GitHub/photo/index.php/Admin/Public/drag
INFO: [ view_template ] --START--
INFO: Run LocationTemplate Behavior [ RunTime:0.014179s ]
INFO: [ view_template ] --END-- [ RunTime:0.014695s ]
INFO: [ view_parse ] --START--
INFO: Run ParseTemplate Behavior [ RunTime:0.037403s ]
INFO: [ view_parse ] --END-- [ RunTime:0.037888s ]
INFO: [ view_filter ] --START--
INFO: Run ContentReplace Behavior [ RunTime:0.002689s ]
INFO: Run TokenBuild Behavior [ RunTime:0.003578s ]
INFO: Run WriteHtmlCache Behavior [ RunTime:0.002299s ]
INFO: Run ShowRuntime Behavior [ RunTime:0.005077s ]
INFO: [ view_filter ] --END-- [ RunTime:0.014921s ]
INFO: [ view_end ] --START--
INFO: Run ShowPageTrace Behavior [ RunTime:0.003203s ]
INFO: [ view_end ] --END-- [ RunTime:0.003664s ]

[ 2013-04-22T23:01:28+08:00 ] 127.0.0.1 /GitHub/photo/index.php/Admin/Index/index
INFO: [ view_template ] --START--
INFO: Run LocationTemplate Behavior [ RunTime:0.004070s ]
INFO: [ view_template ] --END-- [ RunTime:0.004587s ]
INFO: [ view_parse ] --START--
INFO: Run ParseTemplate Behavior [ RunTime:0.043190s ]
INFO: [ view_parse ] --END-- [ RunTime:0.043696s ]
INFO: [ view_filter ] --START--
INFO: Run ContentReplace Behavior [ RunTime:0.001932s ]
INFO: Run TokenBuild Behavior [ RunTime:0.002199s ]
INFO: Run WriteHtmlCache Behavior [ RunTime:0.001580s ]
INFO: Run ShowRuntime Behavior [ RunTime:0.004253s ]
INFO: [ view_filter ] --END-- [ RunTime:0.011270s ]
INFO: [ view_end ] --START--
INFO: Run ShowPageTrace Behavior [ RunTime:0.002441s ]
INFO: [ view_end ] --END-- [ RunTime:0.002904s ]

[ 2013-04-22T23:01:28+08:00 ] 127.0.0.1 /GitHub/photo/index.php/Admin/Index/index
INFO: [ view_template ] --START--
INFO: Run LocationTemplate Behavior [ RunTime:0.005627s ]
INFO: [ view_template ] --END-- [ RunTime:0.006144s ]
INFO: [ view_parse ] --START--
INFO: Run ParseTemplate Behavior [ RunTime:0.042629s ]
INFO: [ view_parse ] --END-- [ RunTime:0.043043s ]
INFO: [ view_filter ] --START--
INFO: Run ContentReplace Behavior [ RunTime:0.002885s ]
INFO: Run TokenBuild Behavior [ RunTime:0.003215s ]
INFO: Run WriteHtmlCache Behavior [ RunTime:0.001543s ]
INFO: Run ShowRuntime Behavior [ RunTime:0.002908s ]
INFO: [ view_filter ] --END-- [ RunTime:0.011645s ]
INFO: [ view_end ] --START--
INFO: Run ShowPageTrace Behavior [ RunTime:0.002032s ]
INFO: [ view_end ] --END-- [ RunTime:0.002342s ]

[ 2013-04-22T23:01:28+08:00 ] 127.0.0.1 /GitHub/photo/index.php/Admin/Index/index
INFO: [ view_template ] --START--
INFO: Run LocationTemplate Behavior [ RunTime:0.002055s ]
INFO: [ view_template ] --END-- [ RunTime:0.002409s ]
INFO: [ view_parse ] --START--
INFO: Run ParseTemplate Behavior [ RunTime:0.020552s ]
INFO: [ view_parse ] --END-- [ RunTime:0.020897s ]
INFO: [ view_filter ] --START--
INFO: Run ContentReplace Behavior [ RunTime:0.001457s ]
INFO: Run TokenBuild Behavior [ RunTime:0.001532s ]
INFO: Run WriteHtmlCache Behavior [ RunTime:0.001130s ]
INFO: Run ShowRuntime Behavior [ RunTime:0.002078s ]
INFO: [ view_filter ] --END-- [ RunTime:0.007107s ]
INFO: [ view_end ] --START--
INFO: Run ShowPageTrace Behavior [ RunTime:0.002409s ]
INFO: [ view_end ] --END-- [ RunTime:0.002744s ]

[ 2013-04-22T23:01:28+08:00 ] 127.0.0.1 /GitHub/photo/index.php/Admin/Index/index
INFO: [ view_template ] --START--
INFO: Run LocationTemplate Behavior [ RunTime:0.004963s ]
INFO: [ view_template ] --END-- [ RunTime:0.005533s ]
INFO: [ view_parse ] --START--
INFO: Run ParseTemplate Behavior [ RunTime:0.037560s ]
INFO: [ view_parse ] --END-- [ RunTime:0.037929s ]
INFO: [ view_filter ] --START--
INFO: Run ContentReplace Behavior [ RunTime:0.009458s ]
INFO: Run TokenBuild Behavior [ RunTime:0.002978s ]
INFO: Run WriteHtmlCache Behavior [ RunTime:0.002876s ]
INFO: Run ShowRuntime Behavior [ RunTime:0.006908s ]
INFO: [ view_filter ] --END-- [ RunTime:0.023237s ]
INFO: [ view_end ] --START--
INFO: Run ShowPageTrace Behavior [ RunTime:0.006909s ]
INFO: [ view_end ] --END-- [ RunTime:0.007250s ]

[ 2013-04-22T23:01:28+08:00 ] 127.0.0.1 /GitHub/photo/index.php/Admin/Public/top
INFO: [ view_template ] --START--
INFO: Run LocationTemplate Behavior [ RunTime:0.002254s ]
INFO: [ view_template ] --END-- [ RunTime:0.002685s ]
INFO: [ view_parse ] --START--
INFO: Run ParseTemplate Behavior [ RunTime:0.021480s ]
INFO: [ view_parse ] --END-- [ RunTime:0.021830s ]
INFO: [ view_filter ] --START--
INFO: Run ContentReplace Behavior [ RunTime:0.001796s ]
INFO: Run TokenBuild Behavior [ RunTime:0.002108s ]
INFO: Run WriteHtmlCache Behavior [ RunTime:0.001675s ]
INFO: Run ShowRuntime Behavior [ RunTime:0.001843s ]
INFO: [ view_filter ] --END-- [ RunTime:0.008469s ]
INFO: [ view_end ] --START--
INFO: Run ShowPageTrace Behavior [ RunTime:0.002493s ]
INFO: [ view_end ] --END-- [ RunTime:0.002861s ]

[ 2013-04-22T23:01:28+08:00 ] 127.0.0.1 /GitHub/photo/index.php/Admin/Public/drag
INFO: [ view_template ] --START--
INFO: Run LocationTemplate Behavior [ RunTime:0.002751s ]
INFO: [ view_template ] --END-- [ RunTime:0.003278s ]
INFO: [ view_parse ] --START--
INFO: Run ParseTemplate Behavior [ RunTime:0.034128s ]
INFO: [ view_parse ] --END-- [ RunTime:0.035282s ]
INFO: [ view_filter ] --START--
INFO: Run ContentReplace Behavior [ RunTime:0.002240s ]
INFO: Run TokenBuild Behavior [ RunTime:0.002123s ]
INFO: Run WriteHtmlCache Behavior [ RunTime:0.001613s ]
INFO: Run ShowRuntime Behavior [ RunTime:0.002431s ]
INFO: [ view_filter ] --END-- [ RunTime:0.009783s ]
INFO: [ view_end ] --START--
INFO: Run ShowPageTrace Behavior [ RunTime:0.002732s ]
INFO: [ view_end ] --END-- [ RunTime:0.003152s ]

[ 2013-04-22T23:01:28+08:00 ] 127.0.0.1 /GitHub/photo/index.php/Admin/Public/footer
INFO: [ view_template ] --START--
INFO: Run LocationTemplate Behavior [ RunTime:0.003128s ]
INFO: [ view_template ] --END-- [ RunTime:0.003659s ]
INFO: [ view_parse ] --START--
INFO: Run ParseTemplate Behavior [ RunTime:0.035585s ]
INFO: [ view_parse ] --END-- [ RunTime:0.036034s ]
INFO: [ view_filter ] --START--
INFO: Run ContentReplace Behavior [ RunTime:0.003022s ]
INFO: Run TokenBuild Behavior [ RunTime:0.002850s ]
INFO: Run WriteHtmlCache Behavior [ RunTime:0.001403s ]
INFO: Run ShowRuntime Behavior [ RunTime:0.001838s ]
INFO: [ view_filter ] --END-- [ RunTime:0.010227s ]
INFO: [ view_end ] --START--
INFO: Run ShowPageTrace Behavior [ RunTime:0.001784s ]
INFO: [ view_end ] --END-- [ RunTime:0.002119s ]

[ 2013-04-22T23:01:28+08:00 ] 127.0.0.1 /GitHub/photo/index.php/Admin/Public/menu
INFO: [ view_template ] --START--
INFO: Run LocationTemplate Behavior [ RunTime:0.004360s ]
INFO: [ view_template ] --END-- [ RunTime:0.004791s ]
INFO: [ view_parse ] --START--
INFO: Run ParseTemplate Behavior [ RunTime:0.045858s ]
INFO: [ view_parse ] --END-- [ RunTime:0.046376s ]
INFO: [ view_filter ] --START--
INFO: Run ContentReplace Behavior [ RunTime:0.002377s ]
INFO: Run TokenBuild Behavior [ RunTime:0.010191s ]
INFO: Run WriteHtmlCache Behavior [ RunTime:0.003068s ]
INFO: Run ShowRuntime Behavior [ RunTime:0.004974s ]
INFO: [ view_filter ] --END-- [ RunTime:0.021844s ]
INFO: [ view_end ] --START--
INFO: Run ShowPageTrace Behavior [ RunTime:0.005565s ]
INFO: [ view_end ] --END-- [ RunTime:0.006019s ]

[ 2013-04-22T23:02:07+08:00 ] 127.0.0.1 /GitHub/photo/index.php/Admin/Index/index
INFO: [ view_template ] --START--
INFO: Run LocationTemplate Behavior [ RunTime:0.002038s ]
INFO: [ view_template ] --END-- [ RunTime:0.002389s ]
INFO: [ view_parse ] --START--
INFO: Run ParseTemplate Behavior [ RunTime:0.021554s ]
INFO: [ view_parse ] --END-- [ RunTime:0.021952s ]
INFO: [ view_filter ] --START--
INFO: Run ContentReplace Behavior [ RunTime:0.002183s ]
INFO: Run TokenBuild Behavior [ RunTime:0.001614s ]
INFO: Run WriteHtmlCache Behavior [ RunTime:0.001232s ]
INFO: Run ShowRuntime Behavior [ RunTime:0.002423s ]
INFO: [ view_filter ] --END-- [ RunTime:0.008426s ]
INFO: [ view_end ] --START--
INFO: Run ShowPageTrace Behavior [ RunTime:0.002037s ]
INFO: [ view_end ] --END-- [ RunTime:0.002349s ]

[ 2013-04-22T23:02:07+08:00 ] 127.0.0.1 /GitHub/photo/index.php/Admin/Public/drag
INFO: [ view_template ] --START--
INFO: Run LocationTemplate Behavior [ RunTime:0.003246s ]
INFO: [ view_template ] --END-- [ RunTime:0.004648s ]
INFO: [ view_parse ] --START--
INFO: Run ParseTemplate Behavior [ RunTime:0.027761s ]
INFO: [ view_parse ] --END-- [ RunTime:0.028390s ]
INFO: [ view_filter ] --START--
INFO: Run ContentReplace Behavior [ RunTime:0.001734s ]
INFO: Run TokenBuild Behavior [ RunTime:0.002464s ]
INFO: Run WriteHtmlCache Behavior [ RunTime:0.000974s ]
INFO: Run ShowRuntime Behavior [ RunTime:0.001509s ]
INFO: [ view_filter ] --END-- [ RunTime:0.007709s ]
INFO: [ view_end ] --START--
INFO: Run ShowPageTrace Behavior [ RunTime:0.001526s ]
INFO: [ view_end ] --END-- [ RunTime:0.001838s ]

[ 2013-04-22T23:02:07+08:00 ] 127.0.0.1 /GitHub/photo/index.php/Admin/Public/footer
INFO: [ view_template ] --START--
INFO: Run LocationTemplate Behavior [ RunTime:0.002463s ]
INFO: [ view_template ] --END-- [ RunTime:0.002854s ]
INFO: [ view_parse ] --START--
INFO: Run ParseTemplate Behavior [ RunTime:0.029761s ]
INFO: [ view_parse ] --END-- [ RunTime:0.030198s ]
INFO: [ view_filter ] --START--
INFO: Run ContentReplace Behavior [ RunTime:0.003633s ]
INFO: Run TokenBuild Behavior [ RunTime:0.004085s ]
INFO: Run WriteHtmlCache Behavior [ RunTime:0.002506s ]
INFO: Run ShowRuntime Behavior [ RunTime:0.003835s ]
INFO: [ view_filter ] --END-- [ RunTime:0.015727s ]
INFO: [ view_end ] --START--
INFO: Run ShowPageTrace Behavior [ RunTime:0.002343s ]
INFO: [ view_end ] --END-- [ RunTime:0.002696s ]

[ 2013-04-22T23:02:07+08:00 ] 127.0.0.1 /GitHub/photo/index.php/Admin/Public/top
INFO: [ view_template ] --START--
INFO: Run LocationTemplate Behavior [ RunTime:0.003870s ]
INFO: [ view_template ] --END-- [ RunTime:0.004345s ]
INFO: [ view_parse ] --START--
INFO: Run ParseTemplate Behavior [ RunTime:0.025812s ]
INFO: [ view_parse ] --END-- [ RunTime:0.026273s ]
INFO: [ view_filter ] --START--
INFO: Run ContentReplace Behavior [ RunTime:0.003255s ]
INFO: Run TokenBuild Behavior [ RunTime:0.004160s ]
INFO: Run WriteHtmlCache Behavior [ RunTime:0.001873s ]
INFO: Run ShowRuntime Behavior [ RunTime:0.002680s ]
INFO: [ view_filter ] --END-- [ RunTime:0.013271s ]
INFO: [ view_end ] --START--
INFO: Run ShowPageTrace Behavior [ RunTime:0.002052s ]
INFO: [ view_end ] --END-- [ RunTime:0.002414s ]

[ 2013-04-22T23:02:07+08:00 ] 127.0.0.1 /GitHub/photo/index.php/Admin/Public/menu
INFO: [ view_template ] --START--
INFO: Run LocationTemplate Behavior [ RunTime:0.004391s ]
INFO: [ view_template ] --END-- [ RunTime:0.004852s ]
INFO: [ view_parse ] --START--
INFO: Run ParseTemplate Behavior [ RunTime:0.054702s ]
INFO: [ view_parse ] --END-- [ RunTime:0.055195s ]
INFO: [ view_filter ] --START--
INFO: Run ContentReplace Behavior [ RunTime:0.003278s ]
INFO: Run TokenBuild Behavior [ RunTime:0.004122s ]
INFO: Run WriteHtmlCache Behavior [ RunTime:0.001817s ]
INFO: Run ShowRuntime Behavior [ RunTime:0.004578s ]
INFO: [ view_filter ] --END-- [ RunTime:0.015856s ]
INFO: [ view_end ] --START--
INFO: Run ShowPageTrace Behavior [ RunTime:0.003731s ]
INFO: [ view_end ] --END-- [ RunTime:0.004736s ]

[ 2013-04-22T23:02:20+08:00 ] 127.0.0.1 /GitHub/photo/index.php/Admin/Index/index
INFO: [ view_template ] --START--
INFO: Run LocationTemplate Behavior [ RunTime:0.001902s ]
INFO: [ view_template ] --END-- [ RunTime:0.002247s ]
INFO: [ view_parse ] --START--
INFO: Run ParseTemplate Behavior [ RunTime:0.020800s ]
INFO: [ view_parse ] --END-- [ RunTime:0.021147s ]
INFO: [ view_filter ] --START--
INFO: Run ContentReplace Behavior [ RunTime:0.001801s ]
INFO: Run TokenBuild Behavior [ RunTime:0.002286s ]
INFO: Run WriteHtmlCache Behavior [ RunTime:0.001748s ]
INFO: Run ShowRuntime Behavior [ RunTime:0.002514s ]
INFO: [ view_filter ] --END-- [ RunTime:0.009502s ]
INFO: [ view_end ] --START--
INFO: Run ShowPageTrace Behavior [ RunTime:0.002644s ]
INFO: [ view_end ] --END-- [ RunTime:0.003059s ]

[ 2013-04-22T23:02:20+08:00 ] 127.0.0.1 /GitHub/photo/index.php/Admin/Public/top
INFO: [ view_template ] --START--
INFO: Run LocationTemplate Behavior [ RunTime:0.002250s ]
INFO: [ view_template ] --END-- [ RunTime:0.002671s ]
INFO: [ view_parse ] --START--
INFO: Run ParseTemplate Behavior [ RunTime:0.022784s ]
INFO: [ view_parse ] --END-- [ RunTime:0.023146s ]
INFO: [ view_filter ] --START--
INFO: Run ContentReplace Behavior [ RunTime:0.001530s ]
INFO: Run TokenBuild Behavior [ RunTime:0.001462s ]
INFO: Run WriteHtmlCache Behavior [ RunTime:0.001315s ]
INFO: Run ShowRuntime Behavior [ RunTime:0.001854s ]
INFO: [ view_filter ] --END-- [ RunTime:0.007076s ]
INFO: [ view_end ] --START--
INFO: Run ShowPageTrace Behavior [ RunTime:0.002197s ]
INFO: [ view_end ] --END-- [ RunTime:0.002568s ]

[ 2013-04-22T23:02:20+08:00 ] 127.0.0.1 /GitHub/photo/index.php/Admin/Public/drag
INFO: [ view_template ] --START--
INFO: Run LocationTemplate Behavior [ RunTime:0.004548s ]
INFO: [ view_template ] --END-- [ RunTime:0.005198s ]
INFO: [ view_parse ] --START--
INFO: Run ParseTemplate Behavior [ RunTime:0.031465s ]
INFO: [ view_parse ] --END-- [ RunTime:0.031894s ]
INFO: [ view_filter ] --START--
INFO: Run ContentReplace Behavior [ RunTime:0.004321s ]
INFO: Run TokenBuild Behavior [ RunTime:0.002393s ]
INFO: Run WriteHtmlCache Behavior [ RunTime:0.001980s ]
INFO: Run ShowRuntime Behavior [ RunTime:0.002594s ]
INFO: [ view_filter ] --END-- [ RunTime:0.013048s ]
INFO: [ view_end ] --START--
INFO: Run ShowPageTrace Behavior [ RunTime:0.003759s ]
INFO: [ view_end ] --END-- [ RunTime:0.004261s ]

[ 2013-04-22T23:02:20+08:00 ] 127.0.0.1 /GitHub/photo/index.php/Admin/Public/menu
INFO: [ view_template ] --START--
INFO: Run LocationTemplate Behavior [ RunTime:0.004788s ]
INFO: [ view_template ] --END-- [ RunTime:0.005757s ]
INFO: [ view_parse ] --START--
INFO: Run ParseTemplate Behavior [ RunTime:0.030827s ]
INFO: [ view_parse ] --END-- [ RunTime:0.031252s ]
INFO: [ view_filter ] --START--
INFO: Run ContentReplace Behavior [ RunTime:0.002145s ]
INFO: Run TokenBuild Behavior [ RunTime:0.003117s ]
INFO: Run WriteHtmlCache Behavior [ RunTime:0.002183s ]
INFO: Run ShowRuntime Behavior [ RunTime:0.002959s ]
INFO: [ view_filter ] --END-- [ RunTime:0.011566s ]
INFO: [ view_end ] --START--
INFO: Run ShowPageTrace Behavior [ RunTime:0.003492s ]
INFO: [ view_end ] --END-- [ RunTime:0.003921s ]

[ 2013-04-22T23:02:20+08:00 ] 127.0.0.1 /GitHub/photo/index.php/Admin/Public/footer
INFO: [ view_template ] --START--
INFO: Run LocationTemplate Behavior [ RunTime:0.004270s ]
INFO: [ view_template ] --END-- [ RunTime:0.004673s ]
INFO: [ view_parse ] --START--
INFO: Run ParseTemplate Behavior [ RunTime:0.028344s ]
INFO: [ view_parse ] --END-- [ RunTime:0.028770s ]
INFO: [ view_filter ] --START--
INFO: Run ContentReplace Behavior [ RunTime:0.002176s ]
INFO: Run TokenBuild Behavior [ RunTime:0.001936s ]
INFO: Run WriteHtmlCache Behavior [ RunTime:0.000946s ]
INFO: Run ShowRuntime Behavior [ RunTime:0.001460s ]
INFO: [ view_filter ] --END-- [ RunTime:0.007709s ]
INFO: [ view_end ] --START--
INFO: Run ShowPageTrace Behavior [ RunTime:0.001806s ]
INFO: [ view_end ] --END-- [ RunTime:0.002175s ]

